{"/Users/santhoshreddykesireddy/Desktop/PointsTracker/src/App.css": {"path":"/Users/santhoshreddykesireddy/Desktop/PointsTracker/src/App.css","statementMap":{},"fnMap":{},"branchMap":{},"s":{},"f":{},"b":{},"meta":{"lastBranch":0,"lastFunction":0,"lastStatement":0,"seen":{},"fnNames":{}}}
,"/Users/santhoshreddykesireddy/Desktop/PointsTracker/src/App.jsx": {"path":"/Users/santhoshreddykesireddy/Desktop/PointsTracker/src/App.jsx","statementMap":{"0":{"start":{"line":14,"column":39},"end":{"line":14,"column":null}},"1":{"start":{"line":15,"column":50},"end":{"line":16,"column":null}},"2":{"start":{"line":18,"column":2},"end":{"line":46,"column":null}}},"fnMap":{"0":{"name":"App","decl":{"start":{"line":13,"column":9},"end":{"line":13,"column":15}},"loc":{"start":{"line":13,"column":15},"end":{"line":48,"column":null}},"line":13}},"branchMap":{"0":{"loc":{"start":{"line":26,"column":9},"end":{"line":26,"column":null}},"type":"binary-expr","locations":[{"start":{"line":26,"column":9},"end":{"line":26,"column":31}},{"start":{"line":26,"column":31},"end":{"line":26,"column":null}}],"line":26},"1":{"loc":{"start":{"line":28,"column":9},"end":{"line":43,"column":null}},"type":"cond-expr","locations":[{"start":{"line":29,"column":10},"end":{"line":31,"column":null}},{"start":{"line":31,"column":10},"end":{"line":43,"column":null}}],"line":28}},"s":{"0":5,"1":5,"2":5},"f":{"0":5},"b":{"0":[5,1],"1":[4,1]},"meta":{"lastBranch":2,"lastFunction":1,"lastStatement":3,"seen":{"f:13:9:13:15":0,"s:14:39:14:Infinity":0,"s:15:50:16:Infinity":1,"s:18:2:46:Infinity":2,"b:26:9:26:31:26:31:26:Infinity":0,"b:29:10:31:Infinity:31:10:43:Infinity":1},"fnNames":{}}}
,"/Users/santhoshreddykesireddy/Desktop/PointsTracker/src/api/mockApi.js": {"path":"/Users/santhoshreddykesireddy/Desktop/PointsTracker/src/api/mockApi.js","statementMap":{"0":{"start":{"line":3,"column":33},"end":{"line":3,"column":null}},"1":{"start":{"line":4,"column":33},"end":{"line":4,"column":null}},"2":{"start":{"line":5,"column":22},"end":{"line":5,"column":null}},"3":{"start":{"line":7,"column":6},"end":{"line":11,"column":null}},"4":{"start":{"line":8,"column":2},"end":{"line":11,"column":null}},"5":{"start":{"line":13,"column":6},"end":{"line":13,"column":null}},"6":{"start":{"line":13,"column":21},"end":{"line":13,"column":null}},"7":{"start":{"line":13,"column":46},"end":{"line":13,"column":69}},"8":{"start":{"line":15,"column":33},"end":{"line":32,"column":null}},"9":{"start":{"line":16,"column":16},"end":{"line":16,"column":null}},"10":{"start":{"line":17,"column":2},"end":{"line":17,"column":null}},"11":{"start":{"line":19,"column":2},"end":{"line":19,"column":null}},"12":{"start":{"line":21,"column":2},"end":{"line":23,"column":null}},"13":{"start":{"line":22,"column":4},"end":{"line":22,"column":null}},"14":{"start":{"line":25,"column":19},"end":{"line":25,"column":null}},"15":{"start":{"line":27,"column":2},"end":{"line":29,"column":null}},"16":{"start":{"line":28,"column":4},"end":{"line":28,"column":null}},"17":{"start":{"line":31,"column":2},"end":{"line":31,"column":null}}},"fnMap":{"0":{"name":"(anonymous_0)","decl":{"start":{"line":7,"column":6},"end":{"line":7,"column":null}},"loc":{"start":{"line":8,"column":2},"end":{"line":11,"column":null}},"line":8},"1":{"name":"(anonymous_1)","decl":{"start":{"line":13,"column":6},"end":{"line":13,"column":14}},"loc":{"start":{"line":13,"column":21},"end":{"line":13,"column":null}},"line":13},"2":{"name":"(anonymous_2)","decl":{"start":{"line":13,"column":25},"end":{"line":13,"column":34}},"loc":{"start":{"line":13,"column":46},"end":{"line":13,"column":69}},"line":13},"3":{"name":"(anonymous_3)","decl":{"start":{"line":15,"column":33},"end":{"line":15,"column":40}},"loc":{"start":{"line":15,"column":77},"end":{"line":32,"column":null}},"line":15}},"branchMap":{"0":{"loc":{"start":{"line":15,"column":40},"end":{"line":15,"column":77}},"type":"default-arg","locations":[{"start":{"line":15,"column":70},"end":{"line":15,"column":77}}],"line":15},"1":{"loc":{"start":{"line":15,"column":42},"end":{"line":15,"column":70}},"type":"default-arg","locations":[{"start":{"line":15,"column":60},"end":{"line":15,"column":70}}],"line":15},"2":{"loc":{"start":{"line":21,"column":2},"end":{"line":23,"column":null}},"type":"if","locations":[{"start":{"line":21,"column":2},"end":{"line":23,"column":null}},{"start":{},"end":{}}],"line":21},"3":{"loc":{"start":{"line":27,"column":2},"end":{"line":29,"column":null}},"type":"if","locations":[{"start":{"line":27,"column":2},"end":{"line":29,"column":null}},{"start":{},"end":{}}],"line":27}},"s":{"0":1,"1":1,"2":1,"3":1,"4":0,"5":1,"6":0,"7":0,"8":1,"9":0,"10":0,"11":0,"12":0,"13":0,"14":0,"15":0,"16":0,"17":0},"f":{"0":0,"1":0,"2":0,"3":0},"b":{"0":[0],"1":[0],"2":[0,0],"3":[0,0]},"meta":{"lastBranch":4,"lastFunction":4,"lastStatement":18,"seen":{"s:3:33:3:Infinity":0,"s:4:33:4:Infinity":1,"s:5:22:5:Infinity":2,"s:7:6:11:Infinity":3,"f:7:6:7:Infinity":0,"s:8:2:11:Infinity":4,"s:13:6:13:Infinity":5,"f:13:6:13:14":1,"s:13:21:13:Infinity":6,"f:13:25:13:34":2,"s:13:46:13:69":7,"s:15:33:32:Infinity":8,"f:15:33:15:40":3,"b:15:70:15:77":0,"b:15:60:15:70":1,"s:16:16:16:Infinity":9,"s:17:2:17:Infinity":10,"s:19:2:19:Infinity":11,"b:21:2:23:Infinity:undefined:undefined:undefined:undefined":2,"s:21:2:23:Infinity":12,"s:22:4:22:Infinity":13,"s:25:19:25:Infinity":14,"b:27:2:29:Infinity:undefined:undefined:undefined:undefined":3,"s:27:2:29:Infinity":15,"s:28:4:28:Infinity":16,"s:31:2:31:Infinity":17},"fnNames":{}}}
,"/Users/santhoshreddykesireddy/Desktop/PointsTracker/src/components/ErrorBanner/ErrorBanner.css": {"path":"/Users/santhoshreddykesireddy/Desktop/PointsTracker/src/components/ErrorBanner/ErrorBanner.css","statementMap":{},"fnMap":{},"branchMap":{},"s":{},"f":{},"b":{},"meta":{"lastBranch":0,"lastFunction":0,"lastStatement":0,"seen":{},"fnNames":{}}}
,"/Users/santhoshreddykesireddy/Desktop/PointsTracker/src/components/ErrorBanner/ErrorBanner.jsx": {"path":"/Users/santhoshreddykesireddy/Desktop/PointsTracker/src/components/ErrorBanner/ErrorBanner.jsx","statementMap":{"0":{"start":{"line":4,"column":6},"end":{"line":12,"column":null}},"1":{"start":{"line":5,"column":2},"end":{"line":12,"column":null}},"2":{"start":{"line":15,"column":0},"end":{"line":18,"column":null}},"3":{"start":{"line":20,"column":0},"end":{"line":22,"column":null}}},"fnMap":{"0":{"name":"(anonymous_0)","decl":{"start":{"line":4,"column":6},"end":{"line":4,"column":21}},"loc":{"start":{"line":5,"column":2},"end":{"line":12,"column":null}},"line":5}},"branchMap":{"0":{"loc":{"start":{"line":7,"column":5},"end":{"line":12,"column":null}},"type":"binary-expr","locations":[{"start":{"line":7,"column":5},"end":{"line":7,"column":null}},{"start":{"line":8,"column":6},"end":{"line":12,"column":null}}],"line":7}},"s":{"0":1,"1":1,"2":1,"3":1},"f":{"0":1},"b":{"0":[1,1]},"meta":{"lastBranch":1,"lastFunction":1,"lastStatement":4,"seen":{"s:4:6:12:Infinity":0,"f:4:6:4:21":0,"s:5:2:12:Infinity":1,"b:7:5:7:Infinity:8:6:12:Infinity":0,"s:15:0:18:Infinity":2,"s:20:0:22:Infinity":3},"fnNames":{}}}
,"/Users/santhoshreddykesireddy/Desktop/PointsTracker/src/components/ErrorBoundary/ErrorBoundary.css": {"path":"/Users/santhoshreddykesireddy/Desktop/PointsTracker/src/components/ErrorBoundary/ErrorBoundary.css","statementMap":{},"fnMap":{},"branchMap":{},"s":{},"f":{},"b":{},"meta":{"lastBranch":0,"lastFunction":0,"lastStatement":0,"seen":{},"fnNames":{}}}
,"/Users/santhoshreddykesireddy/Desktop/PointsTracker/src/components/ErrorBoundary/ErrorBoundary.jsx": {"path":"/Users/santhoshreddykesireddy/Desktop/PointsTracker/src/components/ErrorBoundary/ErrorBoundary.jsx","statementMap":{"0":{"start":{"line":20,"column":2},"end":{"line":22,"column":null}},"1":{"start":{"line":8,"column":4},"end":{"line":8,"column":null}},"2":{"start":{"line":9,"column":4},"end":{"line":9,"column":null}},"3":{"start":{"line":13,"column":4},"end":{"line":13,"column":null}},"4":{"start":{"line":17,"column":4},"end":{"line":17,"column":null}},"5":{"start":{"line":21,"column":4},"end":{"line":21,"column":null}},"6":{"start":{"line":25,"column":25},"end":{"line":25,"column":null}},"7":{"start":{"line":26,"column":25},"end":{"line":26,"column":null}},"8":{"start":{"line":28,"column":4},"end":{"line":43,"column":null}},"9":{"start":{"line":29,"column":6},"end":{"line":41,"column":null}},"10":{"start":{"line":45,"column":4},"end":{"line":45,"column":null}},"11":{"start":{"line":49,"column":0},"end":{"line":51,"column":null}}},"fnMap":{"0":{"name":"constructor","decl":{"start":{"line":7,"column":2},"end":{"line":7,"column":14}},"loc":{"start":{"line":7,"column":21},"end":{"line":10,"column":null}},"line":7},"1":{"name":"getDerivedStateFromError","decl":{"start":{"line":12,"column":9},"end":{"line":12,"column":36}},"loc":{"start":{"line":12,"column":36},"end":{"line":14,"column":null}},"line":12},"2":{"name":"componentDidCatch","decl":{"start":{"line":16,"column":2},"end":{"line":16,"column":20}},"loc":{"start":{"line":16,"column":38},"end":{"line":18,"column":null}},"line":16},"3":{"name":"(anonymous_3)","decl":{"start":{"line":20,"column":2},"end":{"line":20,"column":22}},"loc":{"start":{"line":20,"column":22},"end":{"line":22,"column":null}},"line":20},"4":{"name":"render","decl":{"start":{"line":24,"column":2},"end":{"line":24,"column":11}},"loc":{"start":{"line":24,"column":11},"end":{"line":46,"column":null}},"line":24}},"branchMap":{"0":{"loc":{"start":{"line":28,"column":4},"end":{"line":43,"column":null}},"type":"if","locations":[{"start":{"line":28,"column":4},"end":{"line":43,"column":null}},{"start":{},"end":{}}],"line":28}},"s":{"0":0,"1":2,"2":2,"3":0,"4":0,"5":0,"6":5,"7":5,"8":5,"9":0,"10":5,"11":1},"f":{"0":2,"1":1,"2":0,"3":0,"4":5},"b":{"0":[0,5]},"meta":{"lastBranch":1,"lastFunction":5,"lastStatement":12,"seen":{"s:20:2:22:Infinity":0,"f:7:2:7:14":0,"s:8:4:8:Infinity":1,"s:9:4:9:Infinity":2,"f:12:9:12:36":1,"s:13:4:13:Infinity":3,"f:16:2:16:20":2,"s:17:4:17:Infinity":4,"f:20:2:20:22":3,"s:21:4:21:Infinity":5,"f:24:2:24:11":4,"s:25:25:25:Infinity":6,"s:26:25:26:Infinity":7,"b:28:4:43:Infinity:undefined:undefined:undefined:undefined":0,"s:28:4:43:Infinity":8,"s:29:6:41:Infinity":9,"s:45:4:45:Infinity":10,"s:49:0:51:Infinity":11},"fnNames":{}}}
,"/Users/santhoshreddykesireddy/Desktop/PointsTracker/src/components/Layout/PageHeader.css": {"path":"/Users/santhoshreddykesireddy/Desktop/PointsTracker/src/components/Layout/PageHeader.css","statementMap":{},"fnMap":{},"branchMap":{},"s":{},"f":{},"b":{},"meta":{"lastBranch":0,"lastFunction":0,"lastStatement":0,"seen":{},"fnNames":{}}}
,"/Users/santhoshreddykesireddy/Desktop/PointsTracker/src/components/Layout/PageHeader.jsx": {"path":"/Users/santhoshreddykesireddy/Desktop/PointsTracker/src/components/Layout/PageHeader.jsx","statementMap":{"0":{"start":{"line":4,"column":6},"end":{"line":9,"column":null}},"1":{"start":{"line":5,"column":2},"end":{"line":9,"column":null}},"2":{"start":{"line":12,"column":0},"end":{"line":15,"column":null}},"3":{"start":{"line":17,"column":0},"end":{"line":19,"column":null}}},"fnMap":{"0":{"name":"(anonymous_0)","decl":{"start":{"line":4,"column":6},"end":{"line":4,"column":20}},"loc":{"start":{"line":5,"column":2},"end":{"line":9,"column":null}},"line":5}},"branchMap":{},"s":{"0":1,"1":5,"2":1,"3":1},"f":{"0":5},"b":{},"meta":{"lastBranch":0,"lastFunction":1,"lastStatement":4,"seen":{"s:4:6:9:Infinity":0,"f:4:6:4:20":0,"s:5:2:9:Infinity":1,"s:12:0:15:Infinity":2,"s:17:0:19:Infinity":3},"fnNames":{}}}
,"/Users/santhoshreddykesireddy/Desktop/PointsTracker/src/components/Layout/Section.css": {"path":"/Users/santhoshreddykesireddy/Desktop/PointsTracker/src/components/Layout/Section.css","statementMap":{},"fnMap":{},"branchMap":{},"s":{},"f":{},"b":{},"meta":{"lastBranch":0,"lastFunction":0,"lastStatement":0,"seen":{},"fnNames":{}}}
,"/Users/santhoshreddykesireddy/Desktop/PointsTracker/src/components/Layout/Section.jsx": {"path":"/Users/santhoshreddykesireddy/Desktop/PointsTracker/src/components/Layout/Section.jsx","statementMap":{"0":{"start":{"line":4,"column":6},"end":{"line":8,"column":null}},"1":{"start":{"line":5,"column":2},"end":{"line":8,"column":null}},"2":{"start":{"line":11,"column":0},"end":{"line":14,"column":null}}},"fnMap":{"0":{"name":"(anonymous_0)","decl":{"start":{"line":4,"column":6},"end":{"line":4,"column":17}},"loc":{"start":{"line":5,"column":2},"end":{"line":8,"column":null}},"line":5}},"branchMap":{},"s":{"0":1,"1":3,"2":1},"f":{"0":3},"b":{},"meta":{"lastBranch":0,"lastFunction":1,"lastStatement":3,"seen":{"s:4:6:8:Infinity":0,"f:4:6:4:17":0,"s:5:2:8:Infinity":1,"s:11:0:14:Infinity":2},"fnNames":{}}}
,"/Users/santhoshreddykesireddy/Desktop/PointsTracker/src/components/Loading/Loading.css": {"path":"/Users/santhoshreddykesireddy/Desktop/PointsTracker/src/components/Loading/Loading.css","statementMap":{},"fnMap":{},"branchMap":{},"s":{},"f":{},"b":{},"meta":{"lastBranch":0,"lastFunction":0,"lastStatement":0,"seen":{},"fnNames":{}}}
,"/Users/santhoshreddykesireddy/Desktop/PointsTracker/src/components/Loading/Loading.jsx": {"path":"/Users/santhoshreddykesireddy/Desktop/PointsTracker/src/components/Loading/Loading.jsx","statementMap":{"0":{"start":{"line":4,"column":6},"end":{"line":8,"column":null}},"1":{"start":{"line":5,"column":2},"end":{"line":8,"column":null}},"2":{"start":{"line":11,"column":0},"end":{"line":13,"column":null}},"3":{"start":{"line":15,"column":0},"end":{"line":17,"column":null}}},"fnMap":{"0":{"name":"(anonymous_0)","decl":{"start":{"line":4,"column":6},"end":{"line":4,"column":17}},"loc":{"start":{"line":5,"column":2},"end":{"line":8,"column":null}},"line":5}},"branchMap":{},"s":{"0":1,"1":4,"2":1,"3":1},"f":{"0":4},"b":{},"meta":{"lastBranch":0,"lastFunction":1,"lastStatement":4,"seen":{"s:4:6:8:Infinity":0,"f:4:6:4:17":0,"s:5:2:8:Infinity":1,"s:11:0:13:Infinity":2,"s:15:0:17:Infinity":3},"fnNames":{}}}
,"/Users/santhoshreddykesireddy/Desktop/PointsTracker/src/components/MonthlyRewardsTable/MonthlyRewardsTable.jsx": {"path":"/Users/santhoshreddykesireddy/Desktop/PointsTracker/src/components/MonthlyRewardsTable/MonthlyRewardsTable.jsx","statementMap":{"0":{"start":{"line":5,"column":6},"end":{"line":40,"column":null}},"1":{"start":{"line":6,"column":8},"end":{"line":6,"column":null}},"2":{"start":{"line":8,"column":2},"end":{"line":38,"column":null}},"3":{"start":{"line":29,"column":10},"end":{"line":35,"column":null}},"4":{"start":{"line":42,"column":0},"end":{"line":52,"column":null}}},"fnMap":{"0":{"name":"(anonymous_0)","decl":{"start":{"line":5,"column":6},"end":{"line":5,"column":29}},"loc":{"start":{"line":5,"column":42},"end":{"line":40,"column":null}},"line":5},"1":{"name":"(anonymous_1)","decl":{"start":{"line":28,"column":20},"end":{"line":28,"column":25}},"loc":{"start":{"line":29,"column":10},"end":{"line":35,"column":null}},"line":29}},"branchMap":{"0":{"loc":{"start":{"line":21,"column":9},"end":{"line":28,"column":20}},"type":"binary-expr","locations":[{"start":{"line":21,"column":9},"end":{"line":21,"column":null}},{"start":{"line":22,"column":10},"end":{"line":28,"column":20}}],"line":21}},"s":{"0":1,"1":1,"2":1,"3":0,"4":1},"f":{"0":1,"1":0},"b":{"0":[1,1]},"meta":{"lastBranch":1,"lastFunction":2,"lastStatement":5,"seen":{"s:5:6:40:Infinity":0,"f:5:6:5:29":0,"s:6:8:6:Infinity":1,"s:8:2:38:Infinity":2,"b:21:9:21:Infinity:22:10:28:20":0,"f:28:20:28:25":1,"s:29:10:35:Infinity":3,"s:42:0:52:Infinity":4},"fnNames":{}}}
,"/Users/santhoshreddykesireddy/Desktop/PointsTracker/src/components/TotalRewardsTable/TotalRewardsTable.jsx": {"path":"/Users/santhoshreddykesireddy/Desktop/PointsTracker/src/components/TotalRewardsTable/TotalRewardsTable.jsx","statementMap":{"0":{"start":{"line":4,"column":6},"end":{"line":33,"column":null}},"1":{"start":{"line":5,"column":21},"end":{"line":5,"column":null}},"2":{"start":{"line":5,"column":46},"end":{"line":5,"column":77}},"3":{"start":{"line":7,"column":2},"end":{"line":31,"column":null}},"4":{"start":{"line":25,"column":10},"end":{"line":28,"column":null}},"5":{"start":{"line":35,"column":0},"end":{"line":43,"column":null}}},"fnMap":{"0":{"name":"(anonymous_0)","decl":{"start":{"line":4,"column":6},"end":{"line":4,"column":27}},"loc":{"start":{"line":4,"column":40},"end":{"line":33,"column":null}},"line":4},"1":{"name":"(anonymous_1)","decl":{"start":{"line":5,"column":31},"end":{"line":5,"column":37}},"loc":{"start":{"line":5,"column":46},"end":{"line":5,"column":77}},"line":5},"2":{"name":"(anonymous_2)","decl":{"start":{"line":24,"column":20},"end":{"line":24,"column":25}},"loc":{"start":{"line":25,"column":10},"end":{"line":28,"column":null}},"line":25}},"branchMap":{"0":{"loc":{"start":{"line":17,"column":9},"end":{"line":24,"column":20}},"type":"binary-expr","locations":[{"start":{"line":17,"column":9},"end":{"line":17,"column":null}},{"start":{"line":18,"column":10},"end":{"line":24,"column":20}}],"line":17}},"s":{"0":1,"1":1,"2":0,"3":1,"4":0,"5":1},"f":{"0":1,"1":0,"2":0},"b":{"0":[1,1]},"meta":{"lastBranch":1,"lastFunction":3,"lastStatement":6,"seen":{"s:4:6:33:Infinity":0,"f:4:6:4:27":0,"s:5:21:5:Infinity":1,"f:5:31:5:37":1,"s:5:46:5:77":2,"s:7:2:31:Infinity":3,"b:17:9:17:Infinity:18:10:24:20":0,"f:24:20:24:25":2,"s:25:10:28:Infinity":4,"s:35:0:43:Infinity":5},"fnNames":{}}}
,"/Users/santhoshreddykesireddy/Desktop/PointsTracker/src/components/TransactionsTable/TransactionsTable.css": {"path":"/Users/santhoshreddykesireddy/Desktop/PointsTracker/src/components/TransactionsTable/TransactionsTable.css","statementMap":{},"fnMap":{},"branchMap":{},"s":{},"f":{},"b":{},"meta":{"lastBranch":0,"lastFunction":0,"lastStatement":0,"seen":{},"fnNames":{}}}
,"/Users/santhoshreddykesireddy/Desktop/PointsTracker/src/components/TransactionsTable/TransactionsTable.jsx": {"path":"/Users/santhoshreddykesireddy/Desktop/PointsTracker/src/components/TransactionsTable/TransactionsTable.jsx","statementMap":{"0":{"start":{"line":11,"column":22},"end":{"line":11,"column":null}},"1":{"start":{"line":12,"column":30},"end":{"line":12,"column":null}},"2":{"start":{"line":13,"column":30},"end":{"line":13,"column":null}},"3":{"start":{"line":15,"column":6},"end":{"line":217,"column":null}},"4":{"start":{"line":16,"column":29},"end":{"line":16,"column":null}},"5":{"start":{"line":17,"column":21},"end":{"line":17,"column":null}},"6":{"start":{"line":18,"column":20},"end":{"line":18,"column":null}},"7":{"start":{"line":19,"column":18},"end":{"line":19,"column":null}},"8":{"start":{"line":20,"column":15},"end":{"line":20,"column":null}},"9":{"start":{"line":21,"column":22},"end":{"line":21,"column":null}},"10":{"start":{"line":23,"column":20},"end":{"line":23,"column":null}},"11":{"start":{"line":24,"column":28},"end":{"line":24,"column":null}},"12":{"start":{"line":25,"column":2},"end":{"line":28,"column":null}},"13":{"start":{"line":26,"column":4},"end":{"line":26,"column":null}},"14":{"start":{"line":27,"column":4},"end":{"line":27,"column":null}},"15":{"start":{"line":30,"column":8},"end":{"line":41,"column":null}},"16":{"start":{"line":31,"column":28},"end":{"line":31,"column":null}},"17":{"start":{"line":32,"column":4},"end":{"line":39,"column":null}},"18":{"start":{"line":33,"column":6},"end":{"line":38,"column":null}},"19":{"start":{"line":34,"column":8},"end":{"line":37,"column":null}},"20":{"start":{"line":40,"column":4},"end":{"line":40,"column":null}},"21":{"start":{"line":43,"column":8},"end":{"line":74,"column":null}},"22":{"start":{"line":44,"column":29},"end":{"line":44,"column":null}},"23":{"start":{"line":46,"column":21},"end":{"line":71,"column":null}},"24":{"start":{"line":47,"column":6},"end":{"line":52,"column":null}},"25":{"start":{"line":51,"column":8},"end":{"line":51,"column":null}},"26":{"start":{"line":54,"column":6},"end":{"line":56,"column":null}},"27":{"start":{"line":55,"column":8},"end":{"line":55,"column":null}},"28":{"start":{"line":58,"column":6},"end":{"line":68,"column":null}},"29":{"start":{"line":59,"column":25},"end":{"line":65,"column":null}},"30":{"start":{"line":67,"column":8},"end":{"line":67,"column":null}},"31":{"start":{"line":67,"column":50},"end":{"line":67,"column":null}},"32":{"start":{"line":70,"column":6},"end":{"line":70,"column":null}},"33":{"start":{"line":73,"column":4},"end":{"line":73,"column":null}},"34":{"start":{"line":76,"column":20},"end":{"line":76,"column":null}},"35":{"start":{"line":77,"column":21},"end":{"line":77,"column":null}},"36":{"start":{"line":78,"column":22},"end":{"line":78,"column":null}},"37":{"start":{"line":79,"column":21},"end":{"line":79,"column":null}},"38":{"start":{"line":80,"column":19},"end":{"line":80,"column":null}},"39":{"start":{"line":81,"column":30},"end":{"line":81,"column":null}},"40":{"start":{"line":83,"column":2},"end":{"line":215,"column":null}},"41":{"start":{"line":91,"column":33},"end":{"line":91,"column":null}},"42":{"start":{"line":95,"column":14},"end":{"line":97,"column":null}},"43":{"start":{"line":109,"column":33},"end":{"line":109,"column":null}},"44":{"start":{"line":120,"column":33},"end":{"line":120,"column":null}},"45":{"start":{"line":131,"column":33},"end":{"line":131,"column":null}},"46":{"start":{"line":157,"column":12},"end":{"line":166,"column":null}},"47":{"start":{"line":177,"column":33},"end":{"line":177,"column":null}},"48":{"start":{"line":180,"column":14},"end":{"line":182,"column":null}},"49":{"start":{"line":196,"column":27},"end":{"line":196,"column":null}},"50":{"start":{"line":196,"column":49},"end":{"line":196,"column":74}},"51":{"start":{"line":207,"column":14},"end":{"line":207,"column":null}},"52":{"start":{"line":207,"column":36},"end":{"line":207,"column":74}},"53":{"start":{"line":219,"column":0},"end":{"line":231,"column":null}}},"fnMap":{"0":{"name":"(anonymous_0)","decl":{"start":{"line":15,"column":6},"end":{"line":15,"column":27}},"loc":{"start":{"line":15,"column":48},"end":{"line":217,"column":null}},"line":15},"1":{"name":"(anonymous_1)","decl":{"start":{"line":30,"column":26},"end":{"line":30,"column":40}},"loc":{"start":{"line":30,"column":40},"end":{"line":41,"column":5}},"line":30},"2":{"name":"(anonymous_2)","decl":{"start":{"line":32,"column":17},"end":{"line":32,"column":26}},"loc":{"start":{"line":32,"column":42},"end":{"line":39,"column":5}},"line":32},"3":{"name":"(anonymous_3)","decl":{"start":{"line":43,"column":31},"end":{"line":43,"column":45}},"loc":{"start":{"line":43,"column":45},"end":{"line":74,"column":5}},"line":43},"4":{"name":"(anonymous_4)","decl":{"start":{"line":46,"column":34},"end":{"line":46,"column":42}},"loc":{"start":{"line":46,"column":58},"end":{"line":71,"column":5}},"line":46},"5":{"name":"(anonymous_5)","decl":{"start":{"line":91,"column":12},"end":{"line":91,"column":23}},"loc":{"start":{"line":91,"column":33},"end":{"line":91,"column":null}},"line":91},"6":{"name":"(anonymous_6)","decl":{"start":{"line":94,"column":29},"end":{"line":94,"column":34}},"loc":{"start":{"line":95,"column":14},"end":{"line":97,"column":null}},"line":95},"7":{"name":"(anonymous_7)","decl":{"start":{"line":109,"column":12},"end":{"line":109,"column":23}},"loc":{"start":{"line":109,"column":33},"end":{"line":109,"column":null}},"line":109},"8":{"name":"(anonymous_8)","decl":{"start":{"line":120,"column":12},"end":{"line":120,"column":23}},"loc":{"start":{"line":120,"column":33},"end":{"line":120,"column":null}},"line":120},"9":{"name":"(anonymous_9)","decl":{"start":{"line":131,"column":12},"end":{"line":131,"column":23}},"loc":{"start":{"line":131,"column":33},"end":{"line":131,"column":null}},"line":131},"10":{"name":"(anonymous_10)","decl":{"start":{"line":156,"column":31},"end":{"line":156,"column":36}},"loc":{"start":{"line":157,"column":12},"end":{"line":166,"column":null}},"line":157},"11":{"name":"(anonymous_11)","decl":{"start":{"line":177,"column":12},"end":{"line":177,"column":23}},"loc":{"start":{"line":177,"column":33},"end":{"line":177,"column":null}},"line":177},"12":{"name":"(anonymous_12)","decl":{"start":{"line":179,"column":35},"end":{"line":179,"column":40}},"loc":{"start":{"line":180,"column":14},"end":{"line":182,"column":null}},"line":180},"13":{"name":"(anonymous_13)","decl":{"start":{"line":196,"column":12},"end":{"line":196,"column":27}},"loc":{"start":{"line":196,"column":27},"end":{"line":196,"column":null}},"line":196},"14":{"name":"(anonymous_14)","decl":{"start":{"line":196,"column":27},"end":{"line":196,"column":36}},"loc":{"start":{"line":196,"column":49},"end":{"line":196,"column":74}},"line":196},"15":{"name":"(anonymous_15)","decl":{"start":{"line":206,"column":12},"end":{"line":206,"column":null}},"loc":{"start":{"line":207,"column":14},"end":{"line":207,"column":null}},"line":207},"16":{"name":"(anonymous_16)","decl":{"start":{"line":207,"column":14},"end":{"line":207,"column":23}},"loc":{"start":{"line":207,"column":36},"end":{"line":207,"column":74}},"line":207}},"branchMap":{"0":{"loc":{"start":{"line":25,"column":2},"end":{"line":28,"column":null}},"type":"if","locations":[{"start":{"line":25,"column":2},"end":{"line":28,"column":null}},{"start":{},"end":{}}],"line":25},"1":{"loc":{"start":{"line":33,"column":6},"end":{"line":38,"column":null}},"type":"if","locations":[{"start":{"line":33,"column":6},"end":{"line":38,"column":null}},{"start":{},"end":{}}],"line":33},"2":{"loc":{"start":{"line":47,"column":6},"end":{"line":52,"column":null}},"type":"if","locations":[{"start":{"line":47,"column":6},"end":{"line":52,"column":null}},{"start":{},"end":{}}],"line":47},"3":{"loc":{"start":{"line":48,"column":8},"end":{"line":49,"column":null}},"type":"binary-expr","locations":[{"start":{"line":48,"column":8},"end":{"line":48,"column":null}},{"start":{"line":49,"column":8},"end":{"line":49,"column":null}}],"line":48},"4":{"loc":{"start":{"line":54,"column":6},"end":{"line":56,"column":null}},"type":"if","locations":[{"start":{"line":54,"column":6},"end":{"line":56,"column":null}},{"start":{},"end":{}}],"line":54},"5":{"loc":{"start":{"line":58,"column":6},"end":{"line":68,"column":null}},"type":"if","locations":[{"start":{"line":58,"column":6},"end":{"line":68,"column":null}},{"start":{},"end":{}}],"line":58},"6":{"loc":{"start":{"line":67,"column":8},"end":{"line":67,"column":null}},"type":"if","locations":[{"start":{"line":67,"column":8},"end":{"line":67,"column":null}},{"start":{},"end":{}}],"line":67},"7":{"loc":{"start":{"line":119,"column":17},"end":{"line":119,"column":null}},"type":"binary-expr","locations":[{"start":{"line":119,"column":17},"end":{"line":119,"column":28}},{"start":{"line":119,"column":28},"end":{"line":119,"column":null}}],"line":119},"8":{"loc":{"start":{"line":130,"column":17},"end":{"line":130,"column":null}},"type":"binary-expr","locations":[{"start":{"line":130,"column":17},"end":{"line":130,"column":30}},{"start":{"line":130,"column":30},"end":{"line":130,"column":null}}],"line":130},"9":{"loc":{"start":{"line":149,"column":11},"end":{"line":156,"column":31}},"type":"binary-expr","locations":[{"start":{"line":149,"column":11},"end":{"line":149,"column":null}},{"start":{"line":150,"column":12},"end":{"line":156,"column":31}}],"line":149},"10":{"loc":{"start":{"line":188,"column":11},"end":{"line":190,"column":null}},"type":"cond-expr","locations":[{"start":{"line":189,"column":14},"end":{"line":189,"column":null}},{"start":{"line":190,"column":14},"end":{"line":190,"column":null}}],"line":188}},"s":{"0":2,"1":2,"2":2,"3":2,"4":21,"5":21,"6":21,"7":21,"8":21,"9":21,"10":21,"11":21,"12":21,"13":8,"14":8,"15":21,"16":4,"17":4,"18":16,"19":5,"20":4,"21":21,"22":12,"23":12,"24":32,"25":1,"26":31,"27":0,"28":31,"29":14,"30":14,"31":7,"32":24,"33":12,"34":21,"35":21,"36":21,"37":21,"38":21,"39":21,"40":21,"41":1,"42":38,"43":7,"44":0,"45":0,"46":32,"47":0,"48":84,"49":0,"50":0,"51":1,"52":1,"53":2},"f":{"0":21,"1":4,"2":16,"3":12,"4":32,"5":1,"6":38,"7":7,"8":0,"9":0,"10":32,"11":0,"12":84,"13":0,"14":0,"15":1,"16":1},"b":{"0":[8,13],"1":[5,11],"2":[1,31],"3":[32,2],"4":[0,31],"5":[14,17],"6":[7,7],"7":[21,21],"8":[21,21],"9":[21,1],"10":[1,20]},"meta":{"lastBranch":11,"lastFunction":17,"lastStatement":54,"seen":{"s:11:22:11:Infinity":0,"s:12:30:12:Infinity":1,"s:13:30:13:Infinity":2,"s:15:6:217:Infinity":3,"f:15:6:15:27":0,"s:16:29:16:Infinity":4,"s:17:21:17:Infinity":5,"s:18:20:18:Infinity":6,"s:19:18:19:Infinity":7,"s:20:15:20:Infinity":8,"s:21:22:21:Infinity":9,"s:23:20:23:Infinity":10,"s:24:28:24:Infinity":11,"b:25:2:28:Infinity:undefined:undefined:undefined:undefined":0,"s:25:2:28:Infinity":12,"s:26:4:26:Infinity":13,"s:27:4:27:Infinity":14,"s:30:8:41:Infinity":15,"f:30:26:30:40":1,"s:31:28:31:Infinity":16,"s:32:4:39:Infinity":17,"f:32:17:32:26":2,"b:33:6:38:Infinity:undefined:undefined:undefined:undefined":1,"s:33:6:38:Infinity":18,"s:34:8:37:Infinity":19,"s:40:4:40:Infinity":20,"s:43:8:74:Infinity":21,"f:43:31:43:45":3,"s:44:29:44:Infinity":22,"s:46:21:71:Infinity":23,"f:46:34:46:42":4,"b:47:6:52:Infinity:undefined:undefined:undefined:undefined":2,"s:47:6:52:Infinity":24,"b:48:8:48:Infinity:49:8:49:Infinity":3,"s:51:8:51:Infinity":25,"b:54:6:56:Infinity:undefined:undefined:undefined:undefined":4,"s:54:6:56:Infinity":26,"s:55:8:55:Infinity":27,"b:58:6:68:Infinity:undefined:undefined:undefined:undefined":5,"s:58:6:68:Infinity":28,"s:59:25:65:Infinity":29,"b:67:8:67:Infinity:undefined:undefined:undefined:undefined":6,"s:67:8:67:Infinity":30,"s:67:50:67:Infinity":31,"s:70:6:70:Infinity":32,"s:73:4:73:Infinity":33,"s:76:20:76:Infinity":34,"s:77:21:77:Infinity":35,"s:78:22:78:Infinity":36,"s:79:21:79:Infinity":37,"s:80:19:80:Infinity":38,"s:81:30:81:Infinity":39,"s:83:2:215:Infinity":40,"f:91:12:91:23":5,"s:91:33:91:Infinity":41,"f:94:29:94:34":6,"s:95:14:97:Infinity":42,"f:109:12:109:23":7,"s:109:33:109:Infinity":43,"b:119:17:119:28:119:28:119:Infinity":7,"f:120:12:120:23":8,"s:120:33:120:Infinity":44,"b:130:17:130:30:130:30:130:Infinity":8,"f:131:12:131:23":9,"s:131:33:131:Infinity":45,"b:149:11:149:Infinity:150:12:156:31":9,"f:156:31:156:36":10,"s:157:12:166:Infinity":46,"f:177:12:177:23":11,"s:177:33:177:Infinity":47,"f:179:35:179:40":12,"s:180:14:182:Infinity":48,"b:189:14:189:Infinity:190:14:190:Infinity":10,"f:196:12:196:27":13,"s:196:27:196:Infinity":49,"f:196:27:196:36":14,"s:196:49:196:74":50,"f:206:12:206:Infinity":15,"s:207:14:207:Infinity":51,"f:207:14:207:23":16,"s:207:36:207:74":52,"s:219:0:231:Infinity":53},"fnNames":{}}}
,"/Users/santhoshreddykesireddy/Desktop/PointsTracker/src/hooks/useRewards.js": {"path":"/Users/santhoshreddykesireddy/Desktop/PointsTracker/src/hooks/useRewards.js","statementMap":{"0":{"start":{"line":8,"column":6},"end":{"line":25,"column":null}},"1":{"start":{"line":9,"column":8},"end":{"line":12,"column":null}},"2":{"start":{"line":9,"column":33},"end":{"line":10,"column":null}},"3":{"start":{"line":14,"column":8},"end":{"line":17,"column":null}},"4":{"start":{"line":14,"column":25},"end":{"line":15,"column":null}},"5":{"start":{"line":19,"column":8},"end":{"line":22,"column":null}},"6":{"start":{"line":19,"column":23},"end":{"line":20,"column":null}},"7":{"start":{"line":24,"column":2},"end":{"line":24,"column":null}}},"fnMap":{"0":{"name":"(anonymous_0)","decl":{"start":{"line":8,"column":6},"end":{"line":8,"column":20}},"loc":{"start":{"line":8,"column":37},"end":{"line":25,"column":null}},"line":8},"1":{"name":"(anonymous_1)","decl":{"start":{"line":9,"column":33},"end":{"line":9,"column":null}},"loc":{"start":{"line":9,"column":33},"end":{"line":10,"column":null}},"line":9},"2":{"name":"(anonymous_2)","decl":{"start":{"line":14,"column":25},"end":{"line":14,"column":null}},"loc":{"start":{"line":14,"column":25},"end":{"line":15,"column":null}},"line":14},"3":{"name":"(anonymous_3)","decl":{"start":{"line":19,"column":23},"end":{"line":19,"column":null}},"loc":{"start":{"line":19,"column":23},"end":{"line":20,"column":null}},"line":19}},"branchMap":{},"s":{"0":1,"1":5,"2":3,"3":5,"4":3,"5":5,"6":3,"7":5},"f":{"0":5,"1":3,"2":3,"3":3},"b":{},"meta":{"lastBranch":0,"lastFunction":4,"lastStatement":8,"seen":{"s:8:6:25:Infinity":0,"f:8:6:8:20":0,"s:9:8:12:Infinity":1,"f:9:33:9:Infinity":1,"s:9:33:10:Infinity":2,"s:14:8:17:Infinity":3,"f:14:25:14:Infinity":2,"s:14:25:15:Infinity":4,"s:19:8:22:Infinity":5,"f:19:23:19:Infinity":3,"s:19:23:20:Infinity":6,"s:24:2:24:Infinity":7},"fnNames":{}}}
,"/Users/santhoshreddykesireddy/Desktop/PointsTracker/src/hooks/useTransactions.js": {"path":"/Users/santhoshreddykesireddy/Desktop/PointsTracker/src/hooks/useTransactions.js","statementMap":{"0":{"start":{"line":5,"column":6},"end":{"line":44,"column":null}},"1":{"start":{"line":6,"column":16},"end":{"line":10,"column":null}},"2":{"start":{"line":12,"column":8},"end":{"line":31,"column":null}},"3":{"start":{"line":13,"column":22},"end":{"line":13,"column":null}},"4":{"start":{"line":15,"column":4},"end":{"line":15,"column":null}},"5":{"start":{"line":15,"column":28},"end":{"line":15,"column":76}},"6":{"start":{"line":17,"column":4},"end":{"line":26,"column":null}},"7":{"start":{"line":19,"column":8},"end":{"line":19,"column":null}},"8":{"start":{"line":19,"column":25},"end":{"line":19,"column":null}},"9":{"start":{"line":20,"column":8},"end":{"line":20,"column":null}},"10":{"start":{"line":23,"column":8},"end":{"line":23,"column":null}},"11":{"start":{"line":23,"column":25},"end":{"line":23,"column":null}},"12":{"start":{"line":24,"column":8},"end":{"line":24,"column":null}},"13":{"start":{"line":25,"column":8},"end":{"line":25,"column":null}},"14":{"start":{"line":28,"column":4},"end":{"line":30,"column":null}},"15":{"start":{"line":29,"column":6},"end":{"line":29,"column":null}},"16":{"start":{"line":33,"column":2},"end":{"line":36,"column":null}},"17":{"start":{"line":34,"column":19},"end":{"line":34,"column":null}},"18":{"start":{"line":35,"column":4},"end":{"line":35,"column":null}},"19":{"start":{"line":38,"column":2},"end":{"line":43,"column":null}}},"fnMap":{"0":{"name":"(anonymous_0)","decl":{"start":{"line":5,"column":6},"end":{"line":5,"column":30}},"loc":{"start":{"line":5,"column":30},"end":{"line":44,"column":null}},"line":5},"1":{"name":"(anonymous_1)","decl":{"start":{"line":12,"column":27},"end":{"line":12,"column":45}},"loc":{"start":{"line":12,"column":45},"end":{"line":31,"column":5}},"line":12},"2":{"name":"(anonymous_2)","decl":{"start":{"line":15,"column":4},"end":{"line":15,"column":14}},"loc":{"start":{"line":15,"column":28},"end":{"line":15,"column":76}},"line":15},"3":{"name":"(anonymous_3)","decl":{"start":{"line":18,"column":7},"end":{"line":18,"column":13}},"loc":{"start":{"line":18,"column":22},"end":{"line":21,"column":7}},"line":18},"4":{"name":"(anonymous_4)","decl":{"start":{"line":22,"column":7},"end":{"line":22,"column":14}},"loc":{"start":{"line":22,"column":29},"end":{"line":26,"column":7}},"line":22},"5":{"name":"(anonymous_5)","decl":{"start":{"line":28,"column":4},"end":{"line":28,"column":17}},"loc":{"start":{"line":28,"column":17},"end":{"line":30,"column":null}},"line":28},"6":{"name":"(anonymous_6)","decl":{"start":{"line":33,"column":2},"end":{"line":33,"column":18}},"loc":{"start":{"line":33,"column":18},"end":{"line":36,"column":5}},"line":33}},"branchMap":{"0":{"loc":{"start":{"line":19,"column":8},"end":{"line":19,"column":null}},"type":"if","locations":[{"start":{"line":19,"column":8},"end":{"line":19,"column":null}},{"start":{},"end":{}}],"line":19},"1":{"loc":{"start":{"line":23,"column":8},"end":{"line":23,"column":null}},"type":"if","locations":[{"start":{"line":23,"column":8},"end":{"line":23,"column":null}},{"start":{},"end":{}}],"line":23}},"s":{"0":1,"1":5,"2":5,"3":2,"4":2,"5":2,"6":2,"7":0,"8":0,"9":0,"10":1,"11":0,"12":1,"13":1,"14":2,"15":2,"16":5,"17":2,"18":2,"19":5},"f":{"0":5,"1":2,"2":2,"3":0,"4":1,"5":2,"6":2},"b":{"0":[0,0],"1":[0,1]},"meta":{"lastBranch":2,"lastFunction":7,"lastStatement":20,"seen":{"s:5:6:44:Infinity":0,"f:5:6:5:30":0,"s:6:16:10:Infinity":1,"s:12:8:31:Infinity":2,"f:12:27:12:45":1,"s:13:22:13:Infinity":3,"s:15:4:15:Infinity":4,"f:15:4:15:14":2,"s:15:28:15:76":5,"s:17:4:26:Infinity":6,"f:18:7:18:13":3,"b:19:8:19:Infinity:undefined:undefined:undefined:undefined":0,"s:19:8:19:Infinity":7,"s:19:25:19:Infinity":8,"s:20:8:20:Infinity":9,"f:22:7:22:14":4,"b:23:8:23:Infinity:undefined:undefined:undefined:undefined":1,"s:23:8:23:Infinity":10,"s:23:25:23:Infinity":11,"s:24:8:24:Infinity":12,"s:25:8:25:Infinity":13,"s:28:4:30:Infinity":14,"f:28:4:28:17":5,"s:29:6:29:Infinity":15,"s:33:2:36:Infinity":16,"f:33:2:33:18":6,"s:34:19:34:Infinity":17,"s:35:4:35:Infinity":18,"s:38:2:43:Infinity":19},"fnNames":{}}}
,"/Users/santhoshreddykesireddy/Desktop/PointsTracker/src/styles/Tables.css": {"path":"/Users/santhoshreddykesireddy/Desktop/PointsTracker/src/styles/Tables.css","statementMap":{},"fnMap":{},"branchMap":{},"s":{},"f":{},"b":{},"meta":{"lastBranch":0,"lastFunction":0,"lastStatement":0,"seen":{},"fnNames":{}}}
,"/Users/santhoshreddykesireddy/Desktop/PointsTracker/src/utils/dateUtils.js": {"path":"/Users/santhoshreddykesireddy/Desktop/PointsTracker/src/utils/dateUtils.js","statementMap":{"0":{"start":{"line":4,"column":20},"end":{"line":7,"column":null}},"1":{"start":{"line":9,"column":13},"end":{"line":9,"column":null}},"2":{"start":{"line":9,"column":39},"end":{"line":9,"column":null}},"3":{"start":{"line":11,"column":13},"end":{"line":12,"column":null}},"4":{"start":{"line":11,"column":38},"end":{"line":12,"column":null}},"5":{"start":{"line":14,"column":13},"end":{"line":23,"column":null}},"6":{"start":{"line":15,"column":8},"end":{"line":15,"column":null}},"7":{"start":{"line":17,"column":2},"end":{"line":20,"column":null}},"8":{"start":{"line":18,"column":4},"end":{"line":18,"column":null}},"9":{"start":{"line":19,"column":4},"end":{"line":19,"column":null}},"10":{"start":{"line":22,"column":2},"end":{"line":22,"column":null}},"11":{"start":{"line":25,"column":13},"end":{"line":33,"column":null}},"12":{"start":{"line":26,"column":8},"end":{"line":26,"column":null}},"13":{"start":{"line":27,"column":2},"end":{"line":27,"column":null}},"14":{"start":{"line":27,"column":23},"end":{"line":27,"column":null}},"15":{"start":{"line":29,"column":2},"end":{"line":29,"column":null}},"16":{"start":{"line":29,"column":59},"end":{"line":29,"column":null}},"17":{"start":{"line":30,"column":2},"end":{"line":30,"column":null}},"18":{"start":{"line":30,"column":54},"end":{"line":30,"column":null}},"19":{"start":{"line":32,"column":2},"end":{"line":32,"column":null}},"20":{"start":{"line":35,"column":13},"end":{"line":36,"column":null}},"21":{"start":{"line":36,"column":2},"end":{"line":36,"column":null}},"22":{"start":{"line":36,"column":27},"end":{"line":36,"column":63}},"23":{"start":{"line":38,"column":13},"end":{"line":41,"column":null}},"24":{"start":{"line":39,"column":2},"end":{"line":41,"column":null}},"25":{"start":{"line":40,"column":8},"end":{"line":40,"column":null}}},"fnMap":{"0":{"name":"(anonymous_0)","decl":{"start":{"line":9,"column":13},"end":{"line":9,"column":29}},"loc":{"start":{"line":9,"column":39},"end":{"line":9,"column":null}},"line":9},"1":{"name":"(anonymous_1)","decl":{"start":{"line":11,"column":13},"end":{"line":11,"column":32}},"loc":{"start":{"line":11,"column":38},"end":{"line":12,"column":null}},"line":11},"2":{"name":"(anonymous_2)","decl":{"start":{"line":14,"column":13},"end":{"line":14,"column":36}},"loc":{"start":{"line":14,"column":48},"end":{"line":23,"column":null}},"line":14},"3":{"name":"(anonymous_3)","decl":{"start":{"line":25,"column":13},"end":{"line":25,"column":34}},"loc":{"start":{"line":25,"column":66},"end":{"line":33,"column":null}},"line":25},"4":{"name":"(anonymous_4)","decl":{"start":{"line":35,"column":13},"end":{"line":35,"column":36}},"loc":{"start":{"line":36,"column":2},"end":{"line":36,"column":null}},"line":36},"5":{"name":"(anonymous_5)","decl":{"start":{"line":36,"column":12},"end":{"line":36,"column":18}},"loc":{"start":{"line":36,"column":27},"end":{"line":36,"column":63}},"line":36},"6":{"name":"(anonymous_6)","decl":{"start":{"line":38,"column":13},"end":{"line":38,"column":35}},"loc":{"start":{"line":39,"column":2},"end":{"line":41,"column":null}},"line":39},"7":{"name":"(anonymous_7)","decl":{"start":{"line":39,"column":20},"end":{"line":39,"column":null}},"loc":{"start":{"line":40,"column":8},"end":{"line":40,"column":null}},"line":40}},"branchMap":{"0":{"loc":{"start":{"line":9,"column":39},"end":{"line":9,"column":null}},"type":"binary-expr","locations":[{"start":{"line":9,"column":39},"end":{"line":9,"column":65}},{"start":{"line":9,"column":65},"end":{"line":9,"column":null}}],"line":9},"1":{"loc":{"start":{"line":17,"column":2},"end":{"line":20,"column":null}},"type":"if","locations":[{"start":{"line":17,"column":2},"end":{"line":20,"column":null}},{"start":{},"end":{}}],"line":17},"2":{"loc":{"start":{"line":27,"column":2},"end":{"line":27,"column":null}},"type":"if","locations":[{"start":{"line":27,"column":2},"end":{"line":27,"column":null}},{"start":{},"end":{}}],"line":27},"3":{"loc":{"start":{"line":29,"column":2},"end":{"line":29,"column":null}},"type":"if","locations":[{"start":{"line":29,"column":2},"end":{"line":29,"column":null}},{"start":{},"end":{}}],"line":29},"4":{"loc":{"start":{"line":29,"column":6},"end":{"line":29,"column":59}},"type":"binary-expr","locations":[{"start":{"line":29,"column":6},"end":{"line":29,"column":19}},{"start":{"line":29,"column":19},"end":{"line":29,"column":59}}],"line":29},"5":{"loc":{"start":{"line":30,"column":2},"end":{"line":30,"column":null}},"type":"if","locations":[{"start":{"line":30,"column":2},"end":{"line":30,"column":null}},{"start":{},"end":{}}],"line":30},"6":{"loc":{"start":{"line":30,"column":6},"end":{"line":30,"column":54}},"type":"binary-expr","locations":[{"start":{"line":30,"column":6},"end":{"line":30,"column":17}},{"start":{"line":30,"column":17},"end":{"line":30,"column":54}}],"line":30},"7":{"loc":{"start":{"line":35,"column":36},"end":{"line":35,"column":null}},"type":"default-arg","locations":[{"start":{"line":35,"column":43},"end":{"line":35,"column":null}}],"line":35},"8":{"loc":{"start":{"line":36,"column":27},"end":{"line":36,"column":63}},"type":"binary-expr","locations":[{"start":{"line":36,"column":27},"end":{"line":36,"column":46}},{"start":{"line":36,"column":46},"end":{"line":36,"column":63}}],"line":36},"9":{"loc":{"start":{"line":38,"column":35},"end":{"line":38,"column":null}},"type":"default-arg","locations":[{"start":{"line":38,"column":50},"end":{"line":38,"column":null}}],"line":38}},"s":{"0":3,"1":3,"2":3,"3":3,"4":0,"5":3,"6":34,"7":34,"8":1,"9":1,"10":33,"11":3,"12":37,"13":37,"14":1,"15":36,"16":1,"17":35,"18":1,"19":34,"20":3,"21":3,"22":4,"23":3,"24":14,"25":15},"f":{"0":3,"1":0,"2":34,"3":37,"4":3,"5":4,"6":14,"7":15},"b":{"0":[3,1],"1":[1,33],"2":[1,36],"3":[1,35],"4":[36,2],"5":[1,34],"6":[35,2],"7":[3],"8":[4,1],"9":[14]},"meta":{"lastBranch":10,"lastFunction":8,"lastStatement":26,"seen":{"s:4:20:7:Infinity":0,"s:9:13:9:Infinity":1,"f:9:13:9:29":0,"s:9:39:9:Infinity":2,"b:9:39:9:65:9:65:9:Infinity":0,"s:11:13:12:Infinity":3,"f:11:13:11:32":1,"s:11:38:12:Infinity":4,"s:14:13:23:Infinity":5,"f:14:13:14:36":2,"s:15:8:15:Infinity":6,"b:17:2:20:Infinity:undefined:undefined:undefined:undefined":1,"s:17:2:20:Infinity":7,"s:18:4:18:Infinity":8,"s:19:4:19:Infinity":9,"s:22:2:22:Infinity":10,"s:25:13:33:Infinity":11,"f:25:13:25:34":3,"s:26:8:26:Infinity":12,"b:27:2:27:Infinity:undefined:undefined:undefined:undefined":2,"s:27:2:27:Infinity":13,"s:27:23:27:Infinity":14,"b:29:2:29:Infinity:undefined:undefined:undefined:undefined":3,"s:29:2:29:Infinity":15,"b:29:6:29:19:29:19:29:59":4,"s:29:59:29:Infinity":16,"b:30:2:30:Infinity:undefined:undefined:undefined:undefined":5,"s:30:2:30:Infinity":17,"b:30:6:30:17:30:17:30:54":6,"s:30:54:30:Infinity":18,"s:32:2:32:Infinity":19,"s:35:13:36:Infinity":20,"f:35:13:35:36":4,"s:36:2:36:Infinity":21,"b:35:43:35:Infinity":7,"f:36:12:36:18":5,"s:36:27:36:63":22,"b:36:27:36:46:36:46:36:63":8,"s:38:13:41:Infinity":23,"f:38:13:38:35":6,"s:39:2:41:Infinity":24,"b:38:50:38:Infinity":9,"f:39:20:39:Infinity":7,"s:40:8:40:Infinity":25},"fnNames":{}}}
,"/Users/santhoshreddykesireddy/Desktop/PointsTracker/src/utils/logger.js": {"path":"/Users/santhoshreddykesireddy/Desktop/PointsTracker/src/utils/logger.js","statementMap":{"0":{"start":{"line":2,"column":21},"end":{"line":2,"column":null}},"1":{"start":{"line":4,"column":15},"end":{"line":19,"column":null}},"2":{"start":{"line":6,"column":4},"end":{"line":9,"column":null}},"3":{"start":{"line":8,"column":6},"end":{"line":8,"column":null}},"4":{"start":{"line":13,"column":4},"end":{"line":13,"column":null}},"5":{"start":{"line":17,"column":4},"end":{"line":17,"column":null}}},"fnMap":{"0":{"name":"(anonymous_0)","decl":{"start":{"line":5,"column":2},"end":{"line":5,"column":9}},"loc":{"start":{"line":5,"column":21},"end":{"line":10,"column":null}},"line":5},"1":{"name":"(anonymous_1)","decl":{"start":{"line":11,"column":2},"end":{"line":11,"column":9}},"loc":{"start":{"line":11,"column":21},"end":{"line":14,"column":null}},"line":11},"2":{"name":"(anonymous_2)","decl":{"start":{"line":15,"column":2},"end":{"line":15,"column":10}},"loc":{"start":{"line":15,"column":22},"end":{"line":18,"column":null}},"line":15}},"branchMap":{"0":{"loc":{"start":{"line":6,"column":4},"end":{"line":9,"column":null}},"type":"if","locations":[{"start":{"line":6,"column":4},"end":{"line":9,"column":null}},{"start":{},"end":{}}],"line":6}},"s":{"0":3,"1":3,"2":0,"3":0,"4":0,"5":1},"f":{"0":0,"1":0,"2":1},"b":{"0":[0,0]},"meta":{"lastBranch":1,"lastFunction":3,"lastStatement":6,"seen":{"s:2:21:2:Infinity":0,"s:4:15:19:Infinity":1,"f:5:2:5:9":0,"b:6:4:9:Infinity:undefined:undefined:undefined:undefined":0,"s:6:4:9:Infinity":2,"s:8:6:8:Infinity":3,"f:11:2:11:9":1,"s:13:4:13:Infinity":4,"f:15:2:15:10":2,"s:17:4:17:Infinity":5},"fnNames":{}}}
,"/Users/santhoshreddykesireddy/Desktop/PointsTracker/src/utils/rewardsCalculator.js": {"path":"/Users/santhoshreddykesireddy/Desktop/PointsTracker/src/utils/rewardsCalculator.js","statementMap":{"0":{"start":{"line":3,"column":27},"end":{"line":3,"column":null}},"1":{"start":{"line":4,"column":29},"end":{"line":4,"column":null}},"2":{"start":{"line":5,"column":22},"end":{"line":5,"column":null}},"3":{"start":{"line":6,"column":24},"end":{"line":6,"column":null}},"4":{"start":{"line":8,"column":13},"end":{"line":27,"column":null}},"5":{"start":{"line":9,"column":2},"end":{"line":13,"column":null}},"6":{"start":{"line":10,"column":4},"end":{"line":12,"column":null}},"7":{"start":{"line":15,"column":2},"end":{"line":17,"column":null}},"8":{"start":{"line":16,"column":4},"end":{"line":16,"column":null}},"9":{"start":{"line":19,"column":29},"end":{"line":19,"column":null}},"10":{"start":{"line":21,"column":4},"end":{"line":21,"column":null}},"11":{"start":{"line":23,"column":24},"end":{"line":23,"column":null}},"12":{"start":{"line":24,"column":26},"end":{"line":24,"column":null}},"13":{"start":{"line":26,"column":2},"end":{"line":26,"column":null}},"14":{"start":{"line":29,"column":13},"end":{"line":31,"column":null}},"15":{"start":{"line":30,"column":2},"end":{"line":31,"column":null}},"16":{"start":{"line":33,"column":13},"end":{"line":38,"column":null}},"17":{"start":{"line":34,"column":2},"end":{"line":38,"column":null}},"18":{"start":{"line":34,"column":37},"end":{"line":38,"column":4}},"19":{"start":{"line":40,"column":13},"end":{"line":41,"column":null}},"20":{"start":{"line":41,"column":2},"end":{"line":41,"column":null}},"21":{"start":{"line":43,"column":13},"end":{"line":66,"column":null}},"22":{"start":{"line":44,"column":24},"end":{"line":63,"column":null}},"23":{"start":{"line":45,"column":10},"end":{"line":45,"column":null}},"24":{"start":{"line":46,"column":17},"end":{"line":46,"column":null}},"25":{"start":{"line":47,"column":18},"end":{"line":47,"column":null}},"26":{"start":{"line":48,"column":16},"end":{"line":48,"column":null}},"27":{"start":{"line":50,"column":21},"end":{"line":50,"column":null}},"28":{"start":{"line":51,"column":24},"end":{"line":51,"column":null}},"29":{"start":{"line":53,"column":4},"end":{"line":62,"column":null}},"30":{"start":{"line":65,"column":2},"end":{"line":65,"column":null}},"31":{"start":{"line":68,"column":13},"end":{"line":84,"column":null}},"32":{"start":{"line":69,"column":27},"end":{"line":81,"column":null}},"33":{"start":{"line":70,"column":21},"end":{"line":70,"column":null}},"34":{"start":{"line":71,"column":24},"end":{"line":71,"column":null}},"35":{"start":{"line":73,"column":4},"end":{"line":80,"column":null}},"36":{"start":{"line":83,"column":2},"end":{"line":83,"column":null}}},"fnMap":{"0":{"name":"(anonymous_0)","decl":{"start":{"line":8,"column":13},"end":{"line":8,"column":43}},"loc":{"start":{"line":8,"column":54},"end":{"line":27,"column":null}},"line":8},"1":{"name":"(anonymous_1)","decl":{"start":{"line":29,"column":13},"end":{"line":29,"column":39}},"loc":{"start":{"line":30,"column":2},"end":{"line":31,"column":null}},"line":30},"2":{"name":"(anonymous_2)","decl":{"start":{"line":33,"column":13},"end":{"line":33,"column":35}},"loc":{"start":{"line":34,"column":2},"end":{"line":38,"column":null}},"line":34},"3":{"name":"(anonymous_3)","decl":{"start":{"line":34,"column":15},"end":{"line":34,"column":20}},"loc":{"start":{"line":34,"column":37},"end":{"line":38,"column":4}},"line":34},"4":{"name":"(anonymous_4)","decl":{"start":{"line":40,"column":13},"end":{"line":40,"column":30}},"loc":{"start":{"line":41,"column":2},"end":{"line":41,"column":null}},"line":41},"5":{"name":"(anonymous_5)","decl":{"start":{"line":43,"column":13},"end":{"line":43,"column":40}},"loc":{"start":{"line":43,"column":72},"end":{"line":66,"column":null}},"line":43},"6":{"name":"(anonymous_6)","decl":{"start":{"line":44,"column":47},"end":{"line":44,"column":55}},"loc":{"start":{"line":44,"column":84},"end":{"line":63,"column":5}},"line":44},"7":{"name":"(anonymous_7)","decl":{"start":{"line":68,"column":13},"end":{"line":68,"column":38}},"loc":{"start":{"line":68,"column":70},"end":{"line":84,"column":null}},"line":68},"8":{"name":"(anonymous_8)","decl":{"start":{"line":69,"column":50},"end":{"line":69,"column":58}},"loc":{"start":{"line":69,"column":87},"end":{"line":81,"column":5}},"line":69}},"branchMap":{"0":{"loc":{"start":{"line":9,"column":2},"end":{"line":13,"column":null}},"type":"if","locations":[{"start":{"line":9,"column":2},"end":{"line":13,"column":null}},{"start":{},"end":{}}],"line":9},"1":{"loc":{"start":{"line":9,"column":6},"end":{"line":9,"column":58}},"type":"binary-expr","locations":[{"start":{"line":9,"column":6},"end":{"line":9,"column":36}},{"start":{"line":9,"column":36},"end":{"line":9,"column":58}}],"line":9},"2":{"loc":{"start":{"line":15,"column":2},"end":{"line":17,"column":null}},"type":"if","locations":[{"start":{"line":15,"column":2},"end":{"line":17,"column":null}},{"start":{},"end":{}}],"line":15},"3":{"loc":{"start":{"line":30,"column":2},"end":{"line":31,"column":null}},"type":"binary-expr","locations":[{"start":{"line":30,"column":2},"end":{"line":30,"column":null}},{"start":{"line":31,"column":2},"end":{"line":31,"column":null}}],"line":30},"4":{"loc":{"start":{"line":31,"column":5},"end":{"line":31,"column":33}},"type":"binary-expr","locations":[{"start":{"line":31,"column":5},"end":{"line":31,"column":30}},{"start":{"line":31,"column":30},"end":{"line":31,"column":33}}],"line":31},"5":{"loc":{"start":{"line":31,"column":36},"end":{"line":31,"column":65}},"type":"binary-expr","locations":[{"start":{"line":31,"column":36},"end":{"line":31,"column":60}},{"start":{"line":31,"column":60},"end":{"line":31,"column":65}}],"line":31},"6":{"loc":{"start":{"line":33,"column":35},"end":{"line":33,"column":null}},"type":"default-arg","locations":[{"start":{"line":33,"column":50},"end":{"line":33,"column":null}}],"line":33},"7":{"loc":{"start":{"line":43,"column":40},"end":{"line":43,"column":72}},"type":"default-arg","locations":[{"start":{"line":43,"column":65},"end":{"line":43,"column":72}}],"line":43},"8":{"loc":{"start":{"line":51,"column":24},"end":{"line":51,"column":null}},"type":"cond-expr","locations":[{"start":{"line":51,"column":35},"end":{"line":51,"column":59}},{"start":{"line":51,"column":59},"end":{"line":51,"column":null}}],"line":51},"9":{"loc":{"start":{"line":68,"column":38},"end":{"line":68,"column":70}},"type":"default-arg","locations":[{"start":{"line":68,"column":63},"end":{"line":68,"column":70}}],"line":68},"10":{"loc":{"start":{"line":71,"column":24},"end":{"line":71,"column":null}},"type":"cond-expr","locations":[{"start":{"line":71,"column":35},"end":{"line":71,"column":59}},{"start":{"line":71,"column":59},"end":{"line":71,"column":null}}],"line":71}},"s":{"0":2,"1":2,"2":2,"3":2,"4":2,"5":24,"6":3,"7":21,"8":2,"9":19,"10":19,"11":19,"12":19,"13":19,"14":2,"15":24,"16":2,"17":9,"18":10,"19":2,"20":11,"21":2,"22":7,"23":7,"24":7,"25":7,"26":7,"27":7,"28":7,"29":7,"30":7,"31":2,"32":5,"33":6,"34":6,"35":6,"36":5},"f":{"0":24,"1":24,"2":9,"3":10,"4":11,"5":7,"6":7,"7":5,"8":6},"b":{"0":[3,21],"1":[24,22],"2":[2,19],"3":[24,2],"4":[2,1],"5":[2,1],"6":[9],"7":[7],"8":[1,6],"9":[5],"10":[2,4]},"meta":{"lastBranch":11,"lastFunction":9,"lastStatement":37,"seen":{"s:3:27:3:Infinity":0,"s:4:29:4:Infinity":1,"s:5:22:5:Infinity":2,"s:6:24:6:Infinity":3,"s:8:13:27:Infinity":4,"f:8:13:8:43":0,"b:9:2:13:Infinity:undefined:undefined:undefined:undefined":0,"s:9:2:13:Infinity":5,"b:9:6:9:36:9:36:9:58":1,"s:10:4:12:Infinity":6,"b:15:2:17:Infinity:undefined:undefined:undefined:undefined":2,"s:15:2:17:Infinity":7,"s:16:4:16:Infinity":8,"s:19:29:19:Infinity":9,"s:21:4:21:Infinity":10,"s:23:24:23:Infinity":11,"s:24:26:24:Infinity":12,"s:26:2:26:Infinity":13,"s:29:13:31:Infinity":14,"f:29:13:29:39":1,"s:30:2:31:Infinity":15,"b:30:2:30:Infinity:31:2:31:Infinity":3,"b:31:5:31:30:31:30:31:33":4,"b:31:36:31:60:31:60:31:65":5,"s:33:13:38:Infinity":16,"f:33:13:33:35":2,"s:34:2:38:Infinity":17,"b:33:50:33:Infinity":6,"f:34:15:34:20":3,"s:34:37:38:4":18,"s:40:13:41:Infinity":19,"f:40:13:40:30":4,"s:41:2:41:Infinity":20,"s:43:13:66:Infinity":21,"f:43:13:43:40":5,"b:43:65:43:72":7,"s:44:24:63:Infinity":22,"f:44:47:44:55":6,"s:45:10:45:Infinity":23,"s:46:17:46:Infinity":24,"s:47:18:47:Infinity":25,"s:48:16:48:Infinity":26,"s:50:21:50:Infinity":27,"s:51:24:51:Infinity":28,"b:51:35:51:59:51:59:51:Infinity":8,"s:53:4:62:Infinity":29,"s:65:2:65:Infinity":30,"s:68:13:84:Infinity":31,"f:68:13:68:38":7,"b:68:63:68:70":9,"s:69:27:81:Infinity":32,"f:69:50:69:58":8,"s:70:21:70:Infinity":33,"s:71:24:71:Infinity":34,"b:71:35:71:59:71:59:71:Infinity":10,"s:73:4:80:Infinity":35,"s:83:2:83:Infinity":36},"fnNames":{}}}
}
