{"C:\\Users\\ADMIN\\Documents\\PointsTracker\\src\\App.css": {"path":"C:\\Users\\ADMIN\\Documents\\PointsTracker\\src\\App.css","statementMap":{},"fnMap":{},"branchMap":{},"s":{},"f":{},"b":{},"meta":{"lastBranch":0,"lastFunction":0,"lastStatement":0,"seen":{},"fnNames":{}}}
,"C:\\Users\\ADMIN\\Documents\\PointsTracker\\src\\App.jsx": {"path":"C:\\Users\\ADMIN\\Documents\\PointsTracker\\src\\App.jsx","statementMap":{"0":{"start":{"line":18,"column":39},"end":{"line":18,"column":null}},"1":{"start":{"line":20,"column":8},"end":{"line":23,"column":null}},"2":{"start":{"line":20,"column":33},"end":{"line":21,"column":null}},"3":{"start":{"line":25,"column":8},"end":{"line":28,"column":null}},"4":{"start":{"line":25,"column":25},"end":{"line":26,"column":null}},"5":{"start":{"line":30,"column":8},"end":{"line":33,"column":null}},"6":{"start":{"line":30,"column":23},"end":{"line":31,"column":null}},"7":{"start":{"line":35,"column":2},"end":{"line":61,"column":null}}},"fnMap":{"0":{"name":"App","decl":{"start":{"line":17,"column":9},"end":{"line":17,"column":15}},"loc":{"start":{"line":17,"column":15},"end":{"line":63,"column":null}},"line":17},"1":{"name":"(anonymous_1)","decl":{"start":{"line":20,"column":33},"end":{"line":20,"column":null}},"loc":{"start":{"line":20,"column":33},"end":{"line":21,"column":null}},"line":20},"2":{"name":"(anonymous_2)","decl":{"start":{"line":25,"column":25},"end":{"line":25,"column":null}},"loc":{"start":{"line":25,"column":25},"end":{"line":26,"column":null}},"line":25},"3":{"name":"(anonymous_3)","decl":{"start":{"line":30,"column":23},"end":{"line":30,"column":null}},"loc":{"start":{"line":30,"column":23},"end":{"line":31,"column":null}},"line":30}},"branchMap":{"0":{"loc":{"start":{"line":42,"column":7},"end":{"line":42,"column":null}},"type":"binary-expr","locations":[{"start":{"line":42,"column":7},"end":{"line":42,"column":29}},{"start":{"line":42,"column":29},"end":{"line":42,"column":null}}],"line":42},"1":{"loc":{"start":{"line":44,"column":7},"end":{"line":59,"column":null}},"type":"cond-expr","locations":[{"start":{"line":45,"column":8},"end":{"line":47,"column":null}},{"start":{"line":47,"column":8},"end":{"line":59,"column":null}}],"line":44}},"s":{"0":5,"1":5,"2":3,"3":5,"4":3,"5":5,"6":3,"7":5},"f":{"0":5,"1":3,"2":3,"3":3},"b":{"0":[5,1],"1":[4,1]},"meta":{"lastBranch":2,"lastFunction":4,"lastStatement":8,"seen":{"f:17:9:17:15":0,"s:18:39:18:Infinity":0,"s:20:8:23:Infinity":1,"f:20:33:20:Infinity":1,"s:20:33:21:Infinity":2,"s:25:8:28:Infinity":3,"f:25:25:25:Infinity":2,"s:25:25:26:Infinity":4,"s:30:8:33:Infinity":5,"f:30:23:30:Infinity":3,"s:30:23:31:Infinity":6,"s:35:2:61:Infinity":7,"b:42:7:42:29:42:29:42:Infinity":0,"b:45:8:47:Infinity:47:8:59:Infinity":1},"fnNames":{}}}
,"C:\\Users\\ADMIN\\Documents\\PointsTracker\\src\\api\\mockApi.js": {"path":"C:\\Users\\ADMIN\\Documents\\PointsTracker\\src\\api\\mockApi.js","statementMap":{"0":{"start":{"line":4,"column":33},"end":{"line":4,"column":null}},"1":{"start":{"line":5,"column":33},"end":{"line":5,"column":null}},"2":{"start":{"line":7,"column":6},"end":{"line":11,"column":null}},"3":{"start":{"line":8,"column":2},"end":{"line":11,"column":null}},"4":{"start":{"line":13,"column":13},"end":{"line":25,"column":null}},"5":{"start":{"line":14,"column":2},"end":{"line":25,"column":null}},"6":{"start":{"line":15,"column":18},"end":{"line":15,"column":null}},"7":{"start":{"line":16,"column":4},"end":{"line":16,"column":null}},"8":{"start":{"line":18,"column":4},"end":{"line":24,"column":null}},"9":{"start":{"line":19,"column":6},"end":{"line":22,"column":null}},"10":{"start":{"line":20,"column":8},"end":{"line":20,"column":null}},"11":{"start":{"line":21,"column":8},"end":{"line":21,"column":null}},"12":{"start":{"line":23,"column":6},"end":{"line":23,"column":null}}},"fnMap":{"0":{"name":"(anonymous_0)","decl":{"start":{"line":7,"column":6},"end":{"line":7,"column":null}},"loc":{"start":{"line":8,"column":2},"end":{"line":11,"column":null}},"line":8},"1":{"name":"(anonymous_1)","decl":{"start":{"line":13,"column":13},"end":{"line":13,"column":34}},"loc":{"start":{"line":14,"column":2},"end":{"line":25,"column":null}},"line":14},"2":{"name":"(anonymous_2)","decl":{"start":{"line":14,"column":6},"end":{"line":14,"column":15}},"loc":{"start":{"line":14,"column":35},"end":{"line":25,"column":3}},"line":14},"3":{"name":"(anonymous_3)","decl":{"start":{"line":18,"column":4},"end":{"line":18,"column":21}},"loc":{"start":{"line":18,"column":21},"end":{"line":24,"column":7}},"line":18}},"branchMap":{"0":{"loc":{"start":{"line":13,"column":34},"end":{"line":13,"column":null}},"type":"default-arg","locations":[{"start":{"line":13,"column":64},"end":{"line":13,"column":null}}],"line":13},"1":{"loc":{"start":{"line":13,"column":36},"end":{"line":13,"column":64}},"type":"default-arg","locations":[{"start":{"line":13,"column":54},"end":{"line":13,"column":64}}],"line":13},"2":{"loc":{"start":{"line":19,"column":6},"end":{"line":22,"column":null}},"type":"if","locations":[{"start":{"line":19,"column":6},"end":{"line":22,"column":null}},{"start":{},"end":{}}],"line":19}},"s":{"0":1,"1":1,"2":1,"3":0,"4":1,"5":0,"6":0,"7":0,"8":0,"9":0,"10":0,"11":0,"12":0},"f":{"0":0,"1":0,"2":0,"3":0},"b":{"0":[0],"1":[0],"2":[0,0]},"meta":{"lastBranch":3,"lastFunction":4,"lastStatement":13,"seen":{"s:4:33:4:Infinity":0,"s:5:33:5:Infinity":1,"s:7:6:11:Infinity":2,"f:7:6:7:Infinity":0,"s:8:2:11:Infinity":3,"s:13:13:25:Infinity":4,"f:13:13:13:34":1,"s:14:2:25:Infinity":5,"b:13:64:13:Infinity":0,"b:13:54:13:64":1,"f:14:6:14:15":2,"s:15:18:15:Infinity":6,"s:16:4:16:Infinity":7,"s:18:4:24:Infinity":8,"f:18:4:18:21":3,"b:19:6:22:Infinity:undefined:undefined:undefined:undefined":2,"s:19:6:22:Infinity":9,"s:20:8:20:Infinity":10,"s:21:8:21:Infinity":11,"s:23:6:23:Infinity":12},"fnNames":{}}}
,"C:\\Users\\ADMIN\\Documents\\PointsTracker\\src\\components\\ErrorBanner\\ErrorBanner.css": {"path":"C:\\Users\\ADMIN\\Documents\\PointsTracker\\src\\components\\ErrorBanner\\ErrorBanner.css","statementMap":{},"fnMap":{},"branchMap":{},"s":{},"f":{},"b":{},"meta":{"lastBranch":0,"lastFunction":0,"lastStatement":0,"seen":{},"fnNames":{}}}
,"C:\\Users\\ADMIN\\Documents\\PointsTracker\\src\\components\\ErrorBanner\\ErrorBanner.jsx": {"path":"C:\\Users\\ADMIN\\Documents\\PointsTracker\\src\\components\\ErrorBanner\\ErrorBanner.jsx","statementMap":{"0":{"start":{"line":4,"column":6},"end":{"line":12,"column":null}},"1":{"start":{"line":5,"column":2},"end":{"line":12,"column":null}},"2":{"start":{"line":15,"column":0},"end":{"line":18,"column":null}},"3":{"start":{"line":20,"column":0},"end":{"line":22,"column":null}}},"fnMap":{"0":{"name":"(anonymous_0)","decl":{"start":{"line":4,"column":6},"end":{"line":4,"column":21}},"loc":{"start":{"line":5,"column":2},"end":{"line":12,"column":null}},"line":5}},"branchMap":{"0":{"loc":{"start":{"line":7,"column":5},"end":{"line":12,"column":null}},"type":"binary-expr","locations":[{"start":{"line":7,"column":5},"end":{"line":7,"column":null}},{"start":{"line":8,"column":6},"end":{"line":12,"column":null}}],"line":7}},"s":{"0":1,"1":1,"2":1,"3":1},"f":{"0":1},"b":{"0":[1,1]},"meta":{"lastBranch":1,"lastFunction":1,"lastStatement":4,"seen":{"s:4:6:12:Infinity":0,"f:4:6:4:21":0,"s:5:2:12:Infinity":1,"b:7:5:7:Infinity:8:6:12:Infinity":0,"s:15:0:18:Infinity":2,"s:20:0:22:Infinity":3},"fnNames":{}}}
,"C:\\Users\\ADMIN\\Documents\\PointsTracker\\src\\components\\Layout\\PageHeader.css": {"path":"C:\\Users\\ADMIN\\Documents\\PointsTracker\\src\\components\\Layout\\PageHeader.css","statementMap":{},"fnMap":{},"branchMap":{},"s":{},"f":{},"b":{},"meta":{"lastBranch":0,"lastFunction":0,"lastStatement":0,"seen":{},"fnNames":{}}}
,"C:\\Users\\ADMIN\\Documents\\PointsTracker\\src\\components\\Layout\\PageHeader.jsx": {"path":"C:\\Users\\ADMIN\\Documents\\PointsTracker\\src\\components\\Layout\\PageHeader.jsx","statementMap":{"0":{"start":{"line":4,"column":6},"end":{"line":9,"column":null}},"1":{"start":{"line":5,"column":2},"end":{"line":9,"column":null}},"2":{"start":{"line":12,"column":0},"end":{"line":15,"column":null}},"3":{"start":{"line":17,"column":0},"end":{"line":19,"column":null}}},"fnMap":{"0":{"name":"(anonymous_0)","decl":{"start":{"line":4,"column":6},"end":{"line":4,"column":20}},"loc":{"start":{"line":5,"column":2},"end":{"line":9,"column":null}},"line":5}},"branchMap":{},"s":{"0":1,"1":5,"2":1,"3":1},"f":{"0":5},"b":{},"meta":{"lastBranch":0,"lastFunction":1,"lastStatement":4,"seen":{"s:4:6:9:Infinity":0,"f:4:6:4:20":0,"s:5:2:9:Infinity":1,"s:12:0:15:Infinity":2,"s:17:0:19:Infinity":3},"fnNames":{}}}
,"C:\\Users\\ADMIN\\Documents\\PointsTracker\\src\\components\\Layout\\Section.css": {"path":"C:\\Users\\ADMIN\\Documents\\PointsTracker\\src\\components\\Layout\\Section.css","statementMap":{},"fnMap":{},"branchMap":{},"s":{},"f":{},"b":{},"meta":{"lastBranch":0,"lastFunction":0,"lastStatement":0,"seen":{},"fnNames":{}}}
,"C:\\Users\\ADMIN\\Documents\\PointsTracker\\src\\components\\Layout\\Section.jsx": {"path":"C:\\Users\\ADMIN\\Documents\\PointsTracker\\src\\components\\Layout\\Section.jsx","statementMap":{"0":{"start":{"line":4,"column":6},"end":{"line":8,"column":null}},"1":{"start":{"line":5,"column":2},"end":{"line":8,"column":null}},"2":{"start":{"line":11,"column":0},"end":{"line":14,"column":null}}},"fnMap":{"0":{"name":"(anonymous_0)","decl":{"start":{"line":4,"column":6},"end":{"line":4,"column":17}},"loc":{"start":{"line":5,"column":2},"end":{"line":8,"column":null}},"line":5}},"branchMap":{},"s":{"0":1,"1":3,"2":1},"f":{"0":3},"b":{},"meta":{"lastBranch":0,"lastFunction":1,"lastStatement":3,"seen":{"s:4:6:8:Infinity":0,"f:4:6:4:17":0,"s:5:2:8:Infinity":1,"s:11:0:14:Infinity":2},"fnNames":{}}}
,"C:\\Users\\ADMIN\\Documents\\PointsTracker\\src\\components\\Loading\\Loading.css": {"path":"C:\\Users\\ADMIN\\Documents\\PointsTracker\\src\\components\\Loading\\Loading.css","statementMap":{},"fnMap":{},"branchMap":{},"s":{},"f":{},"b":{},"meta":{"lastBranch":0,"lastFunction":0,"lastStatement":0,"seen":{},"fnNames":{}}}
,"C:\\Users\\ADMIN\\Documents\\PointsTracker\\src\\components\\Loading\\Loading.jsx": {"path":"C:\\Users\\ADMIN\\Documents\\PointsTracker\\src\\components\\Loading\\Loading.jsx","statementMap":{"0":{"start":{"line":4,"column":6},"end":{"line":8,"column":null}},"1":{"start":{"line":5,"column":2},"end":{"line":8,"column":null}},"2":{"start":{"line":11,"column":0},"end":{"line":13,"column":null}},"3":{"start":{"line":15,"column":0},"end":{"line":17,"column":null}}},"fnMap":{"0":{"name":"(anonymous_0)","decl":{"start":{"line":4,"column":6},"end":{"line":4,"column":17}},"loc":{"start":{"line":5,"column":2},"end":{"line":8,"column":null}},"line":5}},"branchMap":{},"s":{"0":1,"1":4,"2":1,"3":1},"f":{"0":4},"b":{},"meta":{"lastBranch":0,"lastFunction":1,"lastStatement":4,"seen":{"s:4:6:8:Infinity":0,"f:4:6:4:17":0,"s:5:2:8:Infinity":1,"s:11:0:13:Infinity":2,"s:15:0:17:Infinity":3},"fnNames":{}}}
,"C:\\Users\\ADMIN\\Documents\\PointsTracker\\src\\components\\MonthlyRewardsTable\\MonthlyRewardsTable.jsx": {"path":"C:\\Users\\ADMIN\\Documents\\PointsTracker\\src\\components\\MonthlyRewardsTable\\MonthlyRewardsTable.jsx","statementMap":{"0":{"start":{"line":5,"column":6},"end":{"line":40,"column":null}},"1":{"start":{"line":6,"column":8},"end":{"line":6,"column":null}},"2":{"start":{"line":8,"column":2},"end":{"line":38,"column":null}},"3":{"start":{"line":29,"column":10},"end":{"line":35,"column":null}},"4":{"start":{"line":42,"column":0},"end":{"line":52,"column":null}}},"fnMap":{"0":{"name":"(anonymous_0)","decl":{"start":{"line":5,"column":6},"end":{"line":5,"column":29}},"loc":{"start":{"line":5,"column":42},"end":{"line":40,"column":null}},"line":5},"1":{"name":"(anonymous_1)","decl":{"start":{"line":28,"column":20},"end":{"line":28,"column":25}},"loc":{"start":{"line":29,"column":10},"end":{"line":35,"column":null}},"line":29}},"branchMap":{"0":{"loc":{"start":{"line":21,"column":9},"end":{"line":28,"column":20}},"type":"binary-expr","locations":[{"start":{"line":21,"column":9},"end":{"line":21,"column":null}},{"start":{"line":22,"column":10},"end":{"line":28,"column":20}}],"line":21}},"s":{"0":1,"1":1,"2":1,"3":0,"4":1},"f":{"0":1,"1":0},"b":{"0":[1,1]},"meta":{"lastBranch":1,"lastFunction":2,"lastStatement":5,"seen":{"s:5:6:40:Infinity":0,"f:5:6:5:29":0,"s:6:8:6:Infinity":1,"s:8:2:38:Infinity":2,"b:21:9:21:Infinity:22:10:28:20":0,"f:28:20:28:25":1,"s:29:10:35:Infinity":3,"s:42:0:52:Infinity":4},"fnNames":{}}}
,"C:\\Users\\ADMIN\\Documents\\PointsTracker\\src\\components\\TotalRewardsTable\\TotalRewardsTable.jsx": {"path":"C:\\Users\\ADMIN\\Documents\\PointsTracker\\src\\components\\TotalRewardsTable\\TotalRewardsTable.jsx","statementMap":{"0":{"start":{"line":4,"column":6},"end":{"line":33,"column":null}},"1":{"start":{"line":5,"column":21},"end":{"line":5,"column":null}},"2":{"start":{"line":5,"column":46},"end":{"line":5,"column":77}},"3":{"start":{"line":7,"column":2},"end":{"line":31,"column":null}},"4":{"start":{"line":25,"column":10},"end":{"line":28,"column":null}},"5":{"start":{"line":35,"column":0},"end":{"line":43,"column":null}}},"fnMap":{"0":{"name":"(anonymous_0)","decl":{"start":{"line":4,"column":6},"end":{"line":4,"column":27}},"loc":{"start":{"line":4,"column":40},"end":{"line":33,"column":null}},"line":4},"1":{"name":"(anonymous_1)","decl":{"start":{"line":5,"column":31},"end":{"line":5,"column":37}},"loc":{"start":{"line":5,"column":46},"end":{"line":5,"column":77}},"line":5},"2":{"name":"(anonymous_2)","decl":{"start":{"line":24,"column":20},"end":{"line":24,"column":25}},"loc":{"start":{"line":25,"column":10},"end":{"line":28,"column":null}},"line":25}},"branchMap":{"0":{"loc":{"start":{"line":17,"column":9},"end":{"line":24,"column":20}},"type":"binary-expr","locations":[{"start":{"line":17,"column":9},"end":{"line":17,"column":null}},{"start":{"line":18,"column":10},"end":{"line":24,"column":20}}],"line":17}},"s":{"0":1,"1":1,"2":0,"3":1,"4":0,"5":1},"f":{"0":1,"1":0,"2":0},"b":{"0":[1,1]},"meta":{"lastBranch":1,"lastFunction":3,"lastStatement":6,"seen":{"s:4:6:33:Infinity":0,"f:4:6:4:27":0,"s:5:21:5:Infinity":1,"f:5:31:5:37":1,"s:5:46:5:77":2,"s:7:2:31:Infinity":3,"b:17:9:17:Infinity:18:10:24:20":0,"f:24:20:24:25":2,"s:25:10:28:Infinity":4,"s:35:0:43:Infinity":5},"fnNames":{}}}
,"C:\\Users\\ADMIN\\Documents\\PointsTracker\\src\\components\\TransactionsTable\\TransactionsTable.jsx": {"path":"C:\\Users\\ADMIN\\Documents\\PointsTracker\\src\\components\\TransactionsTable\\TransactionsTable.jsx","statementMap":{"0":{"start":{"line":6,"column":22},"end":{"line":6,"column":null}},"1":{"start":{"line":8,"column":6},"end":{"line":83,"column":null}},"2":{"start":{"line":9,"column":27},"end":{"line":9,"column":null}},"3":{"start":{"line":11,"column":8},"end":{"line":17,"column":null}},"4":{"start":{"line":12,"column":24},"end":{"line":15,"column":null}},"5":{"start":{"line":13,"column":6},"end":{"line":13,"column":null}},"6":{"start":{"line":13,"column":52},"end":{"line":13,"column":null}},"7":{"start":{"line":14,"column":6},"end":{"line":14,"column":null}},"8":{"start":{"line":16,"column":4},"end":{"line":16,"column":null}},"9":{"start":{"line":19,"column":8},"end":{"line":27,"column":null}},"10":{"start":{"line":21,"column":6},"end":{"line":25,"column":null}},"11":{"start":{"line":24,"column":29},"end":{"line":24,"column":null}},"12":{"start":{"line":26,"column":4},"end":{"line":26,"column":null}},"13":{"start":{"line":29,"column":2},"end":{"line":81,"column":null}},"14":{"start":{"line":36,"column":31},"end":{"line":36,"column":null}},"15":{"start":{"line":40,"column":12},"end":{"line":42,"column":null}},"16":{"start":{"line":68,"column":12},"end":{"line":77,"column":null}},"17":{"start":{"line":85,"column":0},"end":{"line":96,"column":null}}},"fnMap":{"0":{"name":"(anonymous_0)","decl":{"start":{"line":8,"column":6},"end":{"line":8,"column":27}},"loc":{"start":{"line":8,"column":48},"end":{"line":83,"column":null}},"line":8},"1":{"name":"(anonymous_1)","decl":{"start":{"line":11,"column":26},"end":{"line":11,"column":40}},"loc":{"start":{"line":11,"column":40},"end":{"line":17,"column":5}},"line":11},"2":{"name":"(anonymous_2)","decl":{"start":{"line":12,"column":37},"end":{"line":12,"column":45}},"loc":{"start":{"line":12,"column":68},"end":{"line":15,"column":7}},"line":12},"3":{"name":"(anonymous_3)","decl":{"start":{"line":19,"column":30},"end":{"line":19,"column":44}},"loc":{"start":{"line":19,"column":44},"end":{"line":27,"column":5}},"line":19},"4":{"name":"(anonymous_4)","decl":{"start":{"line":23,"column":23},"end":{"line":23,"column":null}},"loc":{"start":{"line":24,"column":29},"end":{"line":24,"column":null}},"line":24},"5":{"name":"(anonymous_5)","decl":{"start":{"line":36,"column":10},"end":{"line":36,"column":21}},"loc":{"start":{"line":36,"column":31},"end":{"line":36,"column":null}},"line":36},"6":{"name":"(anonymous_6)","decl":{"start":{"line":39,"column":27},"end":{"line":39,"column":32}},"loc":{"start":{"line":40,"column":12},"end":{"line":42,"column":null}},"line":40},"7":{"name":"(anonymous_7)","decl":{"start":{"line":67,"column":31},"end":{"line":67,"column":36}},"loc":{"start":{"line":68,"column":12},"end":{"line":77,"column":null}},"line":68}},"branchMap":{"0":{"loc":{"start":{"line":13,"column":6},"end":{"line":13,"column":null}},"type":"if","locations":[{"start":{"line":13,"column":6},"end":{"line":13,"column":null}},{"start":{},"end":{}}],"line":13},"1":{"loc":{"start":{"line":21,"column":6},"end":{"line":25,"column":null}},"type":"cond-expr","locations":[{"start":{"line":22,"column":10},"end":{"line":22,"column":null}},{"start":{"line":23,"column":10},"end":{"line":25,"column":null}}],"line":21},"2":{"loc":{"start":{"line":60,"column":11},"end":{"line":67,"column":31}},"type":"binary-expr","locations":[{"start":{"line":60,"column":11},"end":{"line":60,"column":null}},{"start":{"line":61,"column":12},"end":{"line":67,"column":31}}],"line":60}},"s":{"0":1,"1":1,"2":1,"3":1,"4":1,"5":0,"6":0,"7":0,"8":1,"9":1,"10":1,"11":0,"12":1,"13":1,"14":0,"15":0,"16":0,"17":1},"f":{"0":1,"1":1,"2":0,"3":1,"4":0,"5":0,"6":0,"7":0},"b":{"0":[0,0],"1":[1,0],"2":[1,1]},"meta":{"lastBranch":3,"lastFunction":8,"lastStatement":18,"seen":{"s:6:22:6:Infinity":0,"s:8:6:83:Infinity":1,"f:8:6:8:27":0,"s:9:27:9:Infinity":2,"s:11:8:17:Infinity":3,"f:11:26:11:40":1,"s:12:24:15:Infinity":4,"f:12:37:12:45":2,"b:13:6:13:Infinity:undefined:undefined:undefined:undefined":0,"s:13:6:13:Infinity":5,"s:13:52:13:Infinity":6,"s:14:6:14:Infinity":7,"s:16:4:16:Infinity":8,"s:19:8:27:Infinity":9,"f:19:30:19:44":3,"s:21:6:25:Infinity":10,"b:22:10:22:Infinity:23:10:25:Infinity":1,"f:23:23:23:Infinity":4,"s:24:29:24:Infinity":11,"s:26:4:26:Infinity":12,"s:29:2:81:Infinity":13,"f:36:10:36:21":5,"s:36:31:36:Infinity":14,"f:39:27:39:32":6,"s:40:12:42:Infinity":15,"b:60:11:60:Infinity:61:12:67:31":2,"f:67:31:67:36":7,"s:68:12:77:Infinity":16,"s:85:0:96:Infinity":17},"fnNames":{}}}
,"C:\\Users\\ADMIN\\Documents\\PointsTracker\\src\\data\\mockTransactions.js": {"path":"C:\\Users\\ADMIN\\Documents\\PointsTracker\\src\\data\\mockTransactions.js","statementMap":{"0":{"start":{"line":1,"column":25},"end":{"line":19,"column":null}}},"fnMap":{},"branchMap":{},"s":{"0":1},"f":{},"b":{},"meta":{"lastBranch":0,"lastFunction":0,"lastStatement":1,"seen":{"s:1:25:19:Infinity":0},"fnNames":{}}}
,"C:\\Users\\ADMIN\\Documents\\PointsTracker\\src\\hooks\\useTransactions.js": {"path":"C:\\Users\\ADMIN\\Documents\\PointsTracker\\src\\hooks\\useTransactions.js","statementMap":{"0":{"start":{"line":5,"column":6},"end":{"line":44,"column":null}},"1":{"start":{"line":6,"column":16},"end":{"line":10,"column":null}},"2":{"start":{"line":12,"column":8},"end":{"line":31,"column":null}},"3":{"start":{"line":13,"column":22},"end":{"line":13,"column":null}},"4":{"start":{"line":15,"column":4},"end":{"line":15,"column":null}},"5":{"start":{"line":15,"column":28},"end":{"line":15,"column":76}},"6":{"start":{"line":17,"column":4},"end":{"line":26,"column":null}},"7":{"start":{"line":19,"column":8},"end":{"line":19,"column":null}},"8":{"start":{"line":19,"column":25},"end":{"line":19,"column":null}},"9":{"start":{"line":20,"column":8},"end":{"line":20,"column":null}},"10":{"start":{"line":23,"column":8},"end":{"line":23,"column":null}},"11":{"start":{"line":23,"column":25},"end":{"line":23,"column":null}},"12":{"start":{"line":24,"column":8},"end":{"line":24,"column":null}},"13":{"start":{"line":25,"column":8},"end":{"line":25,"column":null}},"14":{"start":{"line":28,"column":4},"end":{"line":30,"column":null}},"15":{"start":{"line":29,"column":6},"end":{"line":29,"column":null}},"16":{"start":{"line":33,"column":2},"end":{"line":36,"column":null}},"17":{"start":{"line":34,"column":19},"end":{"line":34,"column":null}},"18":{"start":{"line":35,"column":4},"end":{"line":35,"column":null}},"19":{"start":{"line":38,"column":2},"end":{"line":43,"column":null}}},"fnMap":{"0":{"name":"(anonymous_0)","decl":{"start":{"line":5,"column":6},"end":{"line":5,"column":30}},"loc":{"start":{"line":5,"column":30},"end":{"line":44,"column":null}},"line":5},"1":{"name":"(anonymous_1)","decl":{"start":{"line":12,"column":27},"end":{"line":12,"column":45}},"loc":{"start":{"line":12,"column":45},"end":{"line":31,"column":5}},"line":12},"2":{"name":"(anonymous_2)","decl":{"start":{"line":15,"column":4},"end":{"line":15,"column":14}},"loc":{"start":{"line":15,"column":28},"end":{"line":15,"column":76}},"line":15},"3":{"name":"(anonymous_3)","decl":{"start":{"line":18,"column":7},"end":{"line":18,"column":13}},"loc":{"start":{"line":18,"column":22},"end":{"line":21,"column":7}},"line":18},"4":{"name":"(anonymous_4)","decl":{"start":{"line":22,"column":7},"end":{"line":22,"column":14}},"loc":{"start":{"line":22,"column":29},"end":{"line":26,"column":7}},"line":22},"5":{"name":"(anonymous_5)","decl":{"start":{"line":28,"column":4},"end":{"line":28,"column":17}},"loc":{"start":{"line":28,"column":17},"end":{"line":30,"column":null}},"line":28},"6":{"name":"(anonymous_6)","decl":{"start":{"line":33,"column":2},"end":{"line":33,"column":18}},"loc":{"start":{"line":33,"column":18},"end":{"line":36,"column":5}},"line":33}},"branchMap":{"0":{"loc":{"start":{"line":19,"column":8},"end":{"line":19,"column":null}},"type":"if","locations":[{"start":{"line":19,"column":8},"end":{"line":19,"column":null}},{"start":{},"end":{}}],"line":19},"1":{"loc":{"start":{"line":23,"column":8},"end":{"line":23,"column":null}},"type":"if","locations":[{"start":{"line":23,"column":8},"end":{"line":23,"column":null}},{"start":{},"end":{}}],"line":23}},"s":{"0":1,"1":5,"2":5,"3":2,"4":2,"5":2,"6":2,"7":0,"8":0,"9":0,"10":1,"11":0,"12":1,"13":1,"14":2,"15":2,"16":5,"17":2,"18":2,"19":5},"f":{"0":5,"1":2,"2":2,"3":0,"4":1,"5":2,"6":2},"b":{"0":[0,0],"1":[0,1]},"meta":{"lastBranch":2,"lastFunction":7,"lastStatement":20,"seen":{"s:5:6:44:Infinity":0,"f:5:6:5:30":0,"s:6:16:10:Infinity":1,"s:12:8:31:Infinity":2,"f:12:27:12:45":1,"s:13:22:13:Infinity":3,"s:15:4:15:Infinity":4,"f:15:4:15:14":2,"s:15:28:15:76":5,"s:17:4:26:Infinity":6,"f:18:7:18:13":3,"b:19:8:19:Infinity:undefined:undefined:undefined:undefined":0,"s:19:8:19:Infinity":7,"s:19:25:19:Infinity":8,"s:20:8:20:Infinity":9,"f:22:7:22:14":4,"b:23:8:23:Infinity:undefined:undefined:undefined:undefined":1,"s:23:8:23:Infinity":10,"s:23:25:23:Infinity":11,"s:24:8:24:Infinity":12,"s:25:8:25:Infinity":13,"s:28:4:30:Infinity":14,"f:28:4:28:17":5,"s:29:6:29:Infinity":15,"s:33:2:36:Infinity":16,"f:33:2:33:18":6,"s:34:19:34:Infinity":17,"s:35:4:35:Infinity":18,"s:38:2:43:Infinity":19},"fnNames":{}}}
,"C:\\Users\\ADMIN\\Documents\\PointsTracker\\src\\styles\\Tables.css": {"path":"C:\\Users\\ADMIN\\Documents\\PointsTracker\\src\\styles\\Tables.css","statementMap":{},"fnMap":{},"branchMap":{},"s":{},"f":{},"b":{},"meta":{"lastBranch":0,"lastFunction":0,"lastStatement":0,"seen":{},"fnNames":{}}}
,"C:\\Users\\ADMIN\\Documents\\PointsTracker\\src\\utils\\dateUtils.js": {"path":"C:\\Users\\ADMIN\\Documents\\PointsTracker\\src\\utils\\dateUtils.js","statementMap":{"0":{"start":{"line":1,"column":20},"end":{"line":4,"column":null}},"1":{"start":{"line":6,"column":13},"end":{"line":6,"column":null}},"2":{"start":{"line":6,"column":39},"end":{"line":6,"column":null}},"3":{"start":{"line":8,"column":13},"end":{"line":11,"column":null}},"4":{"start":{"line":9,"column":15},"end":{"line":9,"column":null}},"5":{"start":{"line":10,"column":2},"end":{"line":10,"column":null}},"6":{"start":{"line":13,"column":13},"end":{"line":17,"column":null}},"7":{"start":{"line":14,"column":15},"end":{"line":14,"column":null}},"8":{"start":{"line":15,"column":2},"end":{"line":15,"column":null}},"9":{"start":{"line":15,"column":36},"end":{"line":15,"column":null}},"10":{"start":{"line":16,"column":2},"end":{"line":16,"column":null}},"11":{"start":{"line":19,"column":13},"end":{"line":20,"column":null}},"12":{"start":{"line":20,"column":2},"end":{"line":20,"column":null}},"13":{"start":{"line":20,"column":27},"end":{"line":20,"column":63}},"14":{"start":{"line":22,"column":13},"end":{"line":25,"column":null}},"15":{"start":{"line":23,"column":2},"end":{"line":25,"column":null}},"16":{"start":{"line":24,"column":14},"end":{"line":24,"column":null}}},"fnMap":{"0":{"name":"(anonymous_0)","decl":{"start":{"line":6,"column":13},"end":{"line":6,"column":29}},"loc":{"start":{"line":6,"column":39},"end":{"line":6,"column":null}},"line":6},"1":{"name":"(anonymous_1)","decl":{"start":{"line":8,"column":13},"end":{"line":8,"column":32}},"loc":{"start":{"line":8,"column":48},"end":{"line":11,"column":null}},"line":8},"2":{"name":"(anonymous_2)","decl":{"start":{"line":13,"column":13},"end":{"line":13,"column":36}},"loc":{"start":{"line":13,"column":48},"end":{"line":17,"column":null}},"line":13},"3":{"name":"(anonymous_3)","decl":{"start":{"line":19,"column":13},"end":{"line":19,"column":36}},"loc":{"start":{"line":20,"column":2},"end":{"line":20,"column":null}},"line":20},"4":{"name":"(anonymous_4)","decl":{"start":{"line":20,"column":12},"end":{"line":20,"column":18}},"loc":{"start":{"line":20,"column":27},"end":{"line":20,"column":63}},"line":20},"5":{"name":"(anonymous_5)","decl":{"start":{"line":22,"column":13},"end":{"line":22,"column":35}},"loc":{"start":{"line":23,"column":2},"end":{"line":25,"column":null}},"line":23},"6":{"name":"(anonymous_6)","decl":{"start":{"line":23,"column":20},"end":{"line":23,"column":null}},"loc":{"start":{"line":24,"column":14},"end":{"line":24,"column":null}},"line":24}},"branchMap":{"0":{"loc":{"start":{"line":6,"column":39},"end":{"line":6,"column":null}},"type":"binary-expr","locations":[{"start":{"line":6,"column":39},"end":{"line":6,"column":65}},{"start":{"line":6,"column":65},"end":{"line":6,"column":null}}],"line":6},"1":{"loc":{"start":{"line":15,"column":2},"end":{"line":15,"column":null}},"type":"if","locations":[{"start":{"line":15,"column":2},"end":{"line":15,"column":null}},{"start":{},"end":{}}],"line":15},"2":{"loc":{"start":{"line":19,"column":36},"end":{"line":19,"column":null}},"type":"default-arg","locations":[{"start":{"line":19,"column":43},"end":{"line":19,"column":null}}],"line":19},"3":{"loc":{"start":{"line":20,"column":27},"end":{"line":20,"column":63}},"type":"binary-expr","locations":[{"start":{"line":20,"column":27},"end":{"line":20,"column":46}},{"start":{"line":20,"column":46},"end":{"line":20,"column":63}}],"line":20},"4":{"loc":{"start":{"line":22,"column":35},"end":{"line":22,"column":null}},"type":"default-arg","locations":[{"start":{"line":22,"column":50},"end":{"line":22,"column":null}}],"line":22}},"s":{"0":2,"1":2,"2":3,"3":2,"4":0,"5":0,"6":2,"7":0,"8":0,"9":0,"10":0,"11":2,"12":3,"13":5,"14":2,"15":3,"16":2},"f":{"0":3,"1":0,"2":0,"3":3,"4":5,"5":3,"6":2},"b":{"0":[3,1],"1":[0,0],"2":[3],"3":[5,1],"4":[3]},"meta":{"lastBranch":5,"lastFunction":7,"lastStatement":17,"seen":{"s:1:20:4:Infinity":0,"s:6:13:6:Infinity":1,"f:6:13:6:29":0,"s:6:39:6:Infinity":2,"b:6:39:6:65:6:65:6:Infinity":0,"s:8:13:11:Infinity":3,"f:8:13:8:32":1,"s:9:15:9:Infinity":4,"s:10:2:10:Infinity":5,"s:13:13:17:Infinity":6,"f:13:13:13:36":2,"s:14:15:14:Infinity":7,"b:15:2:15:Infinity:undefined:undefined:undefined:undefined":1,"s:15:2:15:Infinity":8,"s:15:36:15:Infinity":9,"s:16:2:16:Infinity":10,"s:19:13:20:Infinity":11,"f:19:13:19:36":3,"s:20:2:20:Infinity":12,"b:19:43:19:Infinity":2,"f:20:12:20:18":4,"s:20:27:20:63":13,"b:20:27:20:46:20:46:20:63":3,"s:22:13:25:Infinity":14,"f:22:13:22:35":5,"s:23:2:25:Infinity":15,"b:22:50:22:Infinity":4,"f:23:20:23:Infinity":6,"s:24:14:24:Infinity":16},"fnNames":{}}}
,"C:\\Users\\ADMIN\\Documents\\PointsTracker\\src\\utils\\logger.js": {"path":"C:\\Users\\ADMIN\\Documents\\PointsTracker\\src\\utils\\logger.js","statementMap":{"0":{"start":{"line":2,"column":21},"end":{"line":2,"column":null}},"1":{"start":{"line":4,"column":15},"end":{"line":19,"column":null}},"2":{"start":{"line":6,"column":4},"end":{"line":9,"column":null}},"3":{"start":{"line":8,"column":6},"end":{"line":8,"column":null}},"4":{"start":{"line":13,"column":4},"end":{"line":13,"column":null}},"5":{"start":{"line":17,"column":4},"end":{"line":17,"column":null}}},"fnMap":{"0":{"name":"(anonymous_0)","decl":{"start":{"line":5,"column":2},"end":{"line":5,"column":9}},"loc":{"start":{"line":5,"column":21},"end":{"line":10,"column":null}},"line":5},"1":{"name":"(anonymous_1)","decl":{"start":{"line":11,"column":2},"end":{"line":11,"column":9}},"loc":{"start":{"line":11,"column":21},"end":{"line":14,"column":null}},"line":11},"2":{"name":"(anonymous_2)","decl":{"start":{"line":15,"column":2},"end":{"line":15,"column":10}},"loc":{"start":{"line":15,"column":22},"end":{"line":18,"column":null}},"line":15}},"branchMap":{"0":{"loc":{"start":{"line":6,"column":4},"end":{"line":9,"column":null}},"type":"if","locations":[{"start":{"line":6,"column":4},"end":{"line":9,"column":null}},{"start":{},"end":{}}],"line":6}},"s":{"0":1,"1":1,"2":0,"3":0,"4":0,"5":1},"f":{"0":0,"1":0,"2":1},"b":{"0":[0,0]},"meta":{"lastBranch":1,"lastFunction":3,"lastStatement":6,"seen":{"s:2:21:2:Infinity":0,"s:4:15:19:Infinity":1,"f:5:2:5:9":0,"b:6:4:9:Infinity:undefined:undefined:undefined:undefined":0,"s:6:4:9:Infinity":2,"s:8:6:8:Infinity":3,"f:11:2:11:9":1,"s:13:4:13:Infinity":4,"f:15:2:15:10":2,"s:17:4:17:Infinity":5},"fnNames":{}}}
,"C:\\Users\\ADMIN\\Documents\\PointsTracker\\src\\utils\\rewardsCalculator.js": {"path":"C:\\Users\\ADMIN\\Documents\\PointsTracker\\src\\utils\\rewardsCalculator.js","statementMap":{"0":{"start":{"line":1,"column":27},"end":{"line":1,"column":null}},"1":{"start":{"line":2,"column":29},"end":{"line":2,"column":null}},"2":{"start":{"line":3,"column":22},"end":{"line":3,"column":null}},"3":{"start":{"line":4,"column":24},"end":{"line":4,"column":null}},"4":{"start":{"line":6,"column":13},"end":{"line":19,"column":null}},"5":{"start":{"line":7,"column":2},"end":{"line":9,"column":null}},"6":{"start":{"line":8,"column":4},"end":{"line":8,"column":null}},"7":{"start":{"line":11,"column":29},"end":{"line":11,"column":null}},"8":{"start":{"line":13,"column":4},"end":{"line":13,"column":null}},"9":{"start":{"line":15,"column":24},"end":{"line":15,"column":null}},"10":{"start":{"line":16,"column":26},"end":{"line":16,"column":null}},"11":{"start":{"line":18,"column":2},"end":{"line":18,"column":null}},"12":{"start":{"line":21,"column":13},"end":{"line":25,"column":null}},"13":{"start":{"line":22,"column":2},"end":{"line":25,"column":null}},"14":{"start":{"line":22,"column":37},"end":{"line":25,"column":4}},"15":{"start":{"line":27,"column":13},"end":{"line":28,"column":null}},"16":{"start":{"line":28,"column":2},"end":{"line":28,"column":null}},"17":{"start":{"line":30,"column":13},"end":{"line":55,"column":null}},"18":{"start":{"line":31,"column":21},"end":{"line":31,"column":null}},"19":{"start":{"line":33,"column":24},"end":{"line":52,"column":null}},"20":{"start":{"line":34,"column":25},"end":{"line":34,"column":null}},"21":{"start":{"line":35,"column":17},"end":{"line":35,"column":null}},"22":{"start":{"line":36,"column":18},"end":{"line":36,"column":null}},"23":{"start":{"line":37,"column":16},"end":{"line":37,"column":null}},"24":{"start":{"line":39,"column":21},"end":{"line":39,"column":null}},"25":{"start":{"line":40,"column":24},"end":{"line":40,"column":null}},"26":{"start":{"line":42,"column":4},"end":{"line":51,"column":null}},"27":{"start":{"line":54,"column":2},"end":{"line":54,"column":null}},"28":{"start":{"line":57,"column":13},"end":{"line":75,"column":null}},"29":{"start":{"line":58,"column":21},"end":{"line":58,"column":null}},"30":{"start":{"line":60,"column":27},"end":{"line":72,"column":null}},"31":{"start":{"line":61,"column":21},"end":{"line":61,"column":null}},"32":{"start":{"line":62,"column":24},"end":{"line":62,"column":null}},"33":{"start":{"line":64,"column":4},"end":{"line":71,"column":null}},"34":{"start":{"line":74,"column":2},"end":{"line":74,"column":null}}},"fnMap":{"0":{"name":"(anonymous_0)","decl":{"start":{"line":6,"column":13},"end":{"line":6,"column":43}},"loc":{"start":{"line":6,"column":54},"end":{"line":19,"column":null}},"line":6},"1":{"name":"(anonymous_1)","decl":{"start":{"line":21,"column":13},"end":{"line":21,"column":35}},"loc":{"start":{"line":22,"column":2},"end":{"line":25,"column":null}},"line":22},"2":{"name":"(anonymous_2)","decl":{"start":{"line":22,"column":15},"end":{"line":22,"column":20}},"loc":{"start":{"line":22,"column":37},"end":{"line":25,"column":4}},"line":22},"3":{"name":"(anonymous_3)","decl":{"start":{"line":27,"column":13},"end":{"line":27,"column":30}},"loc":{"start":{"line":28,"column":2},"end":{"line":28,"column":null}},"line":28},"4":{"name":"(anonymous_4)","decl":{"start":{"line":30,"column":13},"end":{"line":30,"column":40}},"loc":{"start":{"line":30,"column":62},"end":{"line":55,"column":null}},"line":30},"5":{"name":"(anonymous_5)","decl":{"start":{"line":33,"column":35},"end":{"line":33,"column":43}},"loc":{"start":{"line":33,"column":72},"end":{"line":52,"column":5}},"line":33},"6":{"name":"(anonymous_6)","decl":{"start":{"line":57,"column":13},"end":{"line":57,"column":38}},"loc":{"start":{"line":57,"column":60},"end":{"line":75,"column":null}},"line":57},"7":{"name":"(anonymous_7)","decl":{"start":{"line":60,"column":38},"end":{"line":60,"column":46}},"loc":{"start":{"line":60,"column":75},"end":{"line":72,"column":5}},"line":60}},"branchMap":{"0":{"loc":{"start":{"line":7,"column":2},"end":{"line":9,"column":null}},"type":"if","locations":[{"start":{"line":7,"column":2},"end":{"line":9,"column":null}},{"start":{},"end":{}}],"line":7},"1":{"loc":{"start":{"line":7,"column":6},"end":{"line":7,"column":73}},"type":"binary-expr","locations":[{"start":{"line":7,"column":6},"end":{"line":7,"column":36}},{"start":{"line":7,"column":36},"end":{"line":7,"column":60}},{"start":{"line":7,"column":60},"end":{"line":7,"column":73}}],"line":7},"2":{"loc":{"start":{"line":21,"column":35},"end":{"line":21,"column":null}},"type":"default-arg","locations":[{"start":{"line":21,"column":50},"end":{"line":21,"column":null}}],"line":21},"3":{"loc":{"start":{"line":30,"column":40},"end":{"line":30,"column":62}},"type":"default-arg","locations":[{"start":{"line":30,"column":55},"end":{"line":30,"column":62}}],"line":30},"4":{"loc":{"start":{"line":40,"column":24},"end":{"line":40,"column":null}},"type":"cond-expr","locations":[{"start":{"line":40,"column":35},"end":{"line":40,"column":59}},{"start":{"line":40,"column":59},"end":{"line":40,"column":null}}],"line":40},"5":{"loc":{"start":{"line":57,"column":38},"end":{"line":57,"column":60}},"type":"default-arg","locations":[{"start":{"line":57,"column":53},"end":{"line":57,"column":60}}],"line":57},"6":{"loc":{"start":{"line":62,"column":24},"end":{"line":62,"column":null}},"type":"cond-expr","locations":[{"start":{"line":62,"column":35},"end":{"line":62,"column":59}},{"start":{"line":62,"column":59},"end":{"line":62,"column":null}}],"line":62}},"s":{"0":2,"1":2,"2":2,"3":2,"4":2,"5":28,"6":5,"7":23,"8":23,"9":23,"10":23,"11":23,"12":2,"13":18,"14":14,"15":2,"16":11,"17":2,"18":7,"19":7,"20":7,"21":7,"22":7,"23":7,"24":7,"25":7,"26":7,"27":7,"28":2,"29":5,"30":5,"31":6,"32":6,"33":6,"34":5},"f":{"0":28,"1":18,"2":14,"3":11,"4":7,"5":7,"6":5,"7":6},"b":{"0":[5,23],"1":[28,26,25],"2":[18],"3":[7],"4":[1,6],"5":[5],"6":[2,4]},"meta":{"lastBranch":7,"lastFunction":8,"lastStatement":35,"seen":{"s:1:27:1:Infinity":0,"s:2:29:2:Infinity":1,"s:3:22:3:Infinity":2,"s:4:24:4:Infinity":3,"s:6:13:19:Infinity":4,"f:6:13:6:43":0,"b:7:2:9:Infinity:undefined:undefined:undefined:undefined":0,"s:7:2:9:Infinity":5,"b:7:6:7:36:7:36:7:60:7:60:7:73":1,"s:8:4:8:Infinity":6,"s:11:29:11:Infinity":7,"s:13:4:13:Infinity":8,"s:15:24:15:Infinity":9,"s:16:26:16:Infinity":10,"s:18:2:18:Infinity":11,"s:21:13:25:Infinity":12,"f:21:13:21:35":1,"s:22:2:25:Infinity":13,"b:21:50:21:Infinity":2,"f:22:15:22:20":2,"s:22:37:25:4":14,"s:27:13:28:Infinity":15,"f:27:13:27:30":3,"s:28:2:28:Infinity":16,"s:30:13:55:Infinity":17,"f:30:13:30:40":4,"b:30:55:30:62":3,"s:31:21:31:Infinity":18,"s:33:24:52:Infinity":19,"f:33:35:33:43":5,"s:34:25:34:Infinity":20,"s:35:17:35:Infinity":21,"s:36:18:36:Infinity":22,"s:37:16:37:Infinity":23,"s:39:21:39:Infinity":24,"s:40:24:40:Infinity":25,"b:40:35:40:59:40:59:40:Infinity":4,"s:42:4:51:Infinity":26,"s:54:2:54:Infinity":27,"s:57:13:75:Infinity":28,"f:57:13:57:38":6,"b:57:53:57:60":5,"s:58:21:58:Infinity":29,"s:60:27:72:Infinity":30,"f:60:38:60:46":7,"s:61:21:61:Infinity":31,"s:62:24:62:Infinity":32,"b:62:35:62:59:62:59:62:Infinity":6,"s:64:4:71:Infinity":33,"s:74:2:74:Infinity":34},"fnNames":{}}}
}
